[+] Containers:
 |- [+] Container: /Game/Levels/LVL_SpeakeasyWhitebox
 |   |- [+] ActorDescs:
 |   |   |- Guid:03920DF94EEFC9F86CC66185D32A3DA1 BaseClass: NativeClass:/Script/Engine.StaticMeshActor Name:StaticMeshActor_UAID_A4AE111137DC54FB00_1240666663 Label:SM_SkySphere SpatiallyLoaded:0 Bounds:IsValid=true, Min=(X=-2592064.653 Y=-2480951.902 Z=-2029570.743), Max=(X=2598356.109 Y=2478922.100 Z=2031317.672) RuntimeGrid:None EditorOnly:0 RuntimeOnly:0 HLODRelevant:0 FolderPath:Lighting FolderGuid:B7E9BD5B45A652654791988DEF54CCEB
 |   |   |- Guid:0561061F40EF53CE4384C1B93A15F131 BaseClass: NativeClass:/Script/Engine.StaticMeshActor Name:StaticMeshActor_UAID_2CFDA1BA360FC0B101_1162550903 Label:sm_Barstool_v1 SpatiallyLoaded:1 Bounds:IsValid=true, Min=(X=427.274 Y=-1023.389 Z=-0.166), Max=(X=478.382 Y=-960.196 Z=85.804) RuntimeGrid:None EditorOnly:0 RuntimeOnly:0 HLODRelevant:1
 |   |   |- Guid:0BE02B8E48BC1044423606AA05BAC40A BaseClass: NativeClass:/Script/Engine.StaticMeshActor Name:StaticMeshActor_UAID_2CFDA1BA360FC1B101_1307490103 Label:glassWine7 SpatiallyLoaded:1 Bounds:IsValid=true, Min=(X=157.378 Y=-721.927 Z=277.764), Max=(X=172.487 Y=-706.817 Z=308.761) RuntimeGrid:None EditorOnly:0 RuntimeOnly:0 HLODRelevant:1
 |   |   |- Guid:0C8E3582413138B20868BB97DCB32BFA BaseClass: NativeClass:/Script/Engine.StaticMeshActor Name:StaticMeshActor_UAID_2CFDA1BA360FBFB101_1294844718 Label:glassWine3 SpatiallyLoaded:1 Bounds:IsValid=true, Min=(X=343.451 Y=-929.640 Z=116.308), Max=(X=358.561 Y=-914.531 Z=147.306) RuntimeGrid:None EditorOnly:0 RuntimeOnly:0 HLODRelevant:1
 |   |   |- Guid:0E26C7724DBD6DF910BDAEA4CB3E488D BaseClass:/Game/Blueprints/Battle/BossMoves/BP_Enemy_Battle.BP_Enemy_Battle_C NativeClass:/Script/Engine.Pawn Name:BP_Enemy_Battle_C_UAID_7C10C9426A2CD6B101_1851810737 Label:BP_Enemy_Battle SpatiallyLoaded:1 Bounds:IsValid=true, Min=(X=957.558 Y=-1333.849 Z=-79.996), Max=(X=1226.729 Y=-1046.765 Z=80.004) RuntimeGrid:None EditorOnly:0 RuntimeOnly:0 HLODRelevant:0
 |   |   |- Guid:0F13D56B4FA43BDEF6667DBD444E8D77 BaseClass: NativeClass:/Script/Engine.StaticMeshActor Name:StaticMeshActor_UAID_2CFDA1BA360FBFB101_1293788717 Label:glassWine2 SpatiallyLoaded:1 Bounds:IsValid=true, Min=(X=395.698 Y=-1044.788 Z=116.308), Max=(X=410.808 Y=-1029.679 Z=147.306) RuntimeGrid:None EditorOnly:0 RuntimeOnly:0 HLODRelevant:1
 |   |   |- Guid:153335DF4BBF5054E34CA79FE13D4064 BaseClass: NativeClass:/Script/Engine.StaticMeshActor Name:StaticMeshActor_UAID_2CFDA1BA360FBEB101_2016546528 Label:sm_LoungeChair_v2 SpatiallyLoaded:1 Bounds:IsValid=true, Min=(X=919.278 Y=-1505.081 Z=0.210), Max=(X=1060.907 Y=-1350.961 Z=120.681) RuntimeGrid:None EditorOnly:0 RuntimeOnly:0 HLODRelevant:1
 |   |   |- Guid:16F604F44E76B3084A6275A3D8F91029 BaseClass: NativeClass:/Script/Engine.StaticMeshActor Name:StaticMeshActor_UAID_2CFDA1BA360FC1B101_1320607108 Label:sm_GlassBottle_v13 SpatiallyLoaded:1 Bounds:IsValid=true, Min=(X=115.376 Y=-1374.166 Z=123.410), Max=(X=127.771 Y=-1361.771 Z=168.721) RuntimeGrid:None EditorOnly:0 RuntimeOnly:0 HLODRelevant:1
 |   |   |- Guid:18007EA8448E9CF80A164CB6FEE82959 BaseClass: NativeClass:/Script/Engine.StaticMeshActor Name:StaticMeshActor_UAID_2CFDA1BA360FC1B101_1307494105 Label:glassWine9 SpatiallyLoaded:1 Bounds:IsValid=true, Min=(X=157.378 Y=-761.927 Z=277.764), Max=(X=172.487 Y=-746.817 Z=308.761) RuntimeGrid:None EditorOnly:0 RuntimeOnly:0 HLODRelevant:1
 |   |   |- Guid:183B52E2457F259C85D6C3A3FECD4F33 BaseClass: NativeClass:/Script/Engine.StaticMeshActor Name:StaticMeshActor_UAID_2CFDA1BA360FC1B101_1332534111 Label:glassMug4 SpatiallyLoaded:1 Bounds:IsValid=true, Min=(X=153.940 Y=-1451.888 Z=123.530), Max=(X=178.566 Y=-1422.788 Z=139.461) RuntimeGrid:None EditorOnly:0 RuntimeOnly:0 HLODRelevant:1
 |   |   |- Guid:196DCE514C824896576CE7BE49AC7793 BaseClass: NativeClass:/Script/Engine.StaticMeshActor Name:StaticMeshActor_UAID_2CFDA1BA360FBDB101_2054395343 Label:Mannequin3 SpatiallyLoaded:1 Bounds:IsValid=true, Min=(X=229.383 Y=-769.624 Z=-4.543), Max=(X=267.027 Y=-629.204 Z=181.040) RuntimeGrid:None EditorOnly:0 RuntimeOnly:0 HLODRelevant:1
 |   |   |- Guid:1A2D075D434374CD55EBAEB445AAED90 BaseClass: NativeClass:/Script/Engine.PointLight Name:PointLight_UAID_2CFDA1BA360FBDB101_1511028341 Label:PointLight2 SpatiallyLoaded:1 Bounds:IsValid=true, Min=(X=1019.170 Y=-1021.442 Z=-180.996), Max=(X=1823.869 Y=-216.743 Z=623.703) RuntimeGrid:None EditorOnly:0 RuntimeOnly:0 HLODRelevant:0
 |   |   |- Guid:1D3D26F04B6DC10BEFB5B69E5CF914C8 BaseClass: NativeClass:/Script/Engine.VolumetricCloud Name:VolumetricCloud_UAID_A85E45CFE40401D200_1470381760 Label:VolumetricCloud SpatiallyLoaded:0 Bounds:IsValid=true, Min=(X=0.000 Y=0.000 Z=0.000), Max=(X=0.000 Y=0.000 Z=0.000) RuntimeGrid:None EditorOnly:0 RuntimeOnly:0 HLODRelevant:0 FolderPath:Lighting FolderGuid:B7E9BD5B45A652654791988DEF54CCEB
 |   |   |- Guid:1DE8D7AC4103A2EABA11649C7FCF8ACA BaseClass: NativeClass:/Script/Engine.SkyLight Name:SkyLight_UAID_A85E45CFE40401D200_1470380759 Label:SkyLight SpatiallyLoaded:0 Bounds:IsValid=true, Min=(X=0.000 Y=0.000 Z=0.000), Max=(X=0.000 Y=0.000 Z=0.000) RuntimeGrid:None EditorOnly:0 RuntimeOnly:0 HLODRelevant:0 FolderPath:Lighting FolderGuid:B7E9BD5B45A652654791988DEF54CCEB
 |   |   |- Guid:1E4B6EE74577C0A0E42B0E86767A6EA5 BaseClass: NativeClass:/Script/Engine.StaticMeshActor Name:StaticMeshActor_UAID_2CFDA1BA360FC1B101_1286311094 Label:sm_GlassBottle_v5 SpatiallyLoaded:1 Bounds:IsValid=true, Min=(X=155.768 Y=-923.386 Z=277.208), Max=(X=168.163 Y=-910.991 Z=322.519) RuntimeGrid:None EditorOnly:0 RuntimeOnly:0 HLODRelevant:1
 |   |   |- Guid:1FF71493452BAB78CC122C90BFA23DD0 BaseClass: NativeClass:/Script/Engine.StaticMeshActor Name:StaticMeshActor_UAID_2CFDA1BA360FBEB101_2019117529 Label:sm_LoungeChair_v3 SpatiallyLoaded:1 Bounds:IsValid=true, Min=(X=1272.746 Y=-1497.305 Z=0.210), Max=(X=1414.375 Y=-1343.186 Z=120.681) RuntimeGrid:None EditorOnly:0 RuntimeOnly:0 HLODRelevant:1
 |   |   |- Guid:218E3B124735712D7EF272B4FB8E7FF6 BaseClass: NativeClass:/Script/Landscape.Landscape Name:Landscape_UAID_A85E45CFE404FBD100_1221515703 Label:Landscape SpatiallyLoaded:0 Bounds:IsValid=true, Min=(X=-100800.000 Y=-100800.000 Z=100.000), Max=(X=-100800.000 Y=-100800.000 Z=100.000) RuntimeGrid:None EditorOnly:0 RuntimeOnly:0 HLODRelevant:0
 |   |   |- Guid:27E8EBEA4E2ADF9CB916A7AB82B0CF01 BaseClass: NativeClass:/Script/Engine.StaticMeshActor Name:StaticMeshActor_UAID_2CFDA1BA360FC1B101_1242251090 Label:sm_GlassBottle_v1 SpatiallyLoaded:1 Bounds:IsValid=true, Min=(X=155.768 Y=-986.197 Z=277.208), Max=(X=168.163 Y=-973.803 Z=322.519) RuntimeGrid:None EditorOnly:0 RuntimeOnly:0 HLODRelevant:1
 |   |   |- Guid:2B53BAEC449B662AC75E0C88277089C8 BaseClass: NativeClass:/Script/Engine.StaticMeshActor Name:StaticMeshActor_UAID_2CFDA1BA360FBEB101_1557991521 Label:Barrel SpatiallyLoaded:1 Bounds:IsValid=true, Min=(X=109.150 Y=-1527.153 Z=-1.799), Max=(X=223.474 Y=-1412.828 Z=126.160) RuntimeGrid:None EditorOnly:0 RuntimeOnly:0 HLODRelevant:1
 |   |   |- Guid:2CE12F874AA39D020A0F4BA5739BD305 BaseClass: NativeClass:/Script/Engine.SkyAtmosphere Name:SkyAtmosphere_UAID_A85E45CFE40401D200_1470382762 Label:SkyAtmosphere SpatiallyLoaded:0 Bounds:IsValid=true, Min=(X=0.000 Y=0.000 Z=0.000), Max=(X=0.000 Y=0.000 Z=0.000) RuntimeGrid:None EditorOnly:0 RuntimeOnly:0 HLODRelevant:0 FolderPath:Lighting FolderGuid:B7E9BD5B45A652654791988DEF54CCEB
 |   |   |- Guid:30B29AEC4FE663B8561E81B5FDF112AE BaseClass:/Game/Blueprints/Battle/Spawnpoints/BP_Player_Spawn_Location.BP_Player_Spawn_Location_C NativeClass:/Script/Engine.Actor Name:BP_Spawn_Location_C_UAID_7C10C9426A2CCFB101_1828417503 Label:BP_Spawn_Location SpatiallyLoaded:1 Bounds:IsValid=true, Min=(X=1620.385 Y=-869.440 Z=14.343), Max=(X=1620.385 Y=-869.440 Z=14.343) RuntimeGrid:None EditorOnly:0 RuntimeOnly:0 HLODRelevant:0
 |   |   |- Guid:30B8733B45A11AADA742CDB2B0013873 BaseClass: NativeClass:/Script/Engine.StaticMeshActor Name:StaticMeshActor_UAID_2CFDA1BA360FC1B101_1334378112 Label:glassMug5 SpatiallyLoaded:1 Bounds:IsValid=true, Min=(X=229.353 Y=-1450.011 Z=123.530), Max=(X=259.353 Y=-1422.751 Z=139.461) RuntimeGrid:None EditorOnly:0 RuntimeOnly:0 HLODRelevant:1
 |   |   |- Guid:31B5D63F4156B1031567F6A97E85AD3D BaseClass: NativeClass:/Script/Engine.RectLight Name:RectLight_UAID_2CFDA1BA360FBCB101_2101840160 Label:RectLight SpatiallyLoaded:1 Bounds:IsValid=true, Min=(X=-227.484 Y=-1317.484 Z=-137.484), Max=(X=907.484 Y=-182.516 Z=997.484) RuntimeGrid:None EditorOnly:0 RuntimeOnly:0 HLODRelevant:0
 |   |   |- Guid:32333103404E38F417C235896669D65C BaseClass: NativeClass:/Script/Engine.StaticMeshActor Name:StaticMeshActor_UAID_2CFDA1BA360FC1B101_1289691097 Label:sm_GlassBottle_v8 SpatiallyLoaded:1 Bounds:IsValid=true, Min=(X=155.768 Y=-877.114 Z=277.208), Max=(X=168.163 Y=-864.719 Z=322.519) RuntimeGrid:None EditorOnly:0 RuntimeOnly:0 HLODRelevant:1
 |   |   |- Guid:393B8CC148F805317B9CC3BA03A39A65 BaseClass: NativeClass:/Script/Engine.StaticMeshActor Name:StaticMeshActor_UAID_2CFDA1BA360FC0B101_1253850907 Label:sm_Barstool_v5 SpatiallyLoaded:1 Bounds:IsValid=true, Min=(X=436.248 Y=-617.839 Z=-0.166), Max=(X=497.553 Y=-546.731 Z=85.804) RuntimeGrid:None EditorOnly:0 RuntimeOnly:0 HLODRelevant:1
 |   |   |- Guid:39BA6CDC4A605E8A853B52A92C044C49 BaseClass: NativeClass:/Script/Engine.StaticMeshActor Name:StaticMeshActor_UAID_2CFDA1BA360FBFB101_1279976716 Label:glassWine SpatiallyLoaded:1 Bounds:IsValid=true, Min=(X=400.873 Y=-685.412 Z=116.308), Max=(X=415.982 Y=-670.302 Z=147.306) RuntimeGrid:None EditorOnly:0 RuntimeOnly:0 HLODRelevant:1
 |   |   |- Guid:3BE2843D41F94EC31BB3EF929FEFDB80 BaseClass: NativeClass:/Script/Engine.StaticMeshActor Name:StaticMeshActor_UAID_2CFDA1BA360FBEB101_2022108530 Label:sm_LoungeChair_v4 SpatiallyLoaded:1 Bounds:IsValid=true, Min=(X=1504.072 Y=-1494.227 Z=0.210), Max=(X=1654.477 Y=-1339.616 Z=120.681) RuntimeGrid:None EditorOnly:0 RuntimeOnly:0 HLODRelevant:1
 |   |   |- Guid:40E4777A43F2EB40A8751BBC32CD13F7 BaseClass: NativeClass:/Script/Engine.RectLight Name:RectLight_UAID_2CFDA1BA360FBFB101_1376489720 Label:RectLight2 SpatiallyLoaded:1 Bounds:IsValid=true, Min=(X=573.934 Y=-1621.804 Z=-88.071), Max=(X=1565.674 Y=-630.064 Z=903.670) RuntimeGrid:None EditorOnly:0 RuntimeOnly:0 HLODRelevant:0
 |   |   |- Guid:4773722E4F0349526FDDE6BF39B654E2 BaseClass: NativeClass:/Script/Engine.PointLight Name:PointLight_UAID_2CFDA1BA360FBCB101_2092151159 Label:PointLight SpatiallyLoaded:1 Bounds:IsValid=true, Min=(X=449.170 Y=-1021.442 Z=-180.996), Max=(X=1253.869 Y=-216.743 Z=623.703) RuntimeGrid:None EditorOnly:0 RuntimeOnly:0 HLODRelevant:0
 |   |   |- Guid:4839CC8742C838A2B04C4D9D38E01CF0 BaseClass: NativeClass:/Script/Engine.StaticMeshActor Name:StaticMeshActor_UAID_2CFDA1BA360FC1B101_1297580102 Label:glassWine6 SpatiallyLoaded:1 Bounds:IsValid=true, Min=(X=157.378 Y=-821.701 Z=277.764), Max=(X=172.487 Y=-806.591 Z=308.761) RuntimeGrid:None EditorOnly:0 RuntimeOnly:0 HLODRelevant:1
 |   |   |- Guid:48B76D8147576360DB2FAEAF436A6345 BaseClass: NativeClass:/Script/Engine.StaticMeshActor Name:StaticMeshActor_UAID_2CFDA1BA360FC1B101_1544773115 Label:sm_GlassBottle_v16 SpatiallyLoaded:1 Bounds:IsValid=true, Min=(X=571.624 Y=-1247.974 Z=23.821), Max=(X=617.062 Y=-1214.584 Z=36.216) RuntimeGrid:None EditorOnly:0 RuntimeOnly:0 HLODRelevant:1
 |   |   |- Guid:5368FABB47D6D9580DAECA8B0417BF92 BaseClass: NativeClass:/Script/Engine.WorldDataLayers Name:WorldDataLayers Label:WorldDataLayers-1 SpatiallyLoaded:0 Bounds:IsValid=true, Min=(X=0.000 Y=0.000 Z=0.000), Max=(X=0.000 Y=0.000 Z=0.000) RuntimeGrid:None EditorOnly:0 RuntimeOnly:0 HLODRelevant:0
 |   |   |- Guid:5C14EBDA4DA0E3F4D79E70BB8ECAE150 BaseClass: NativeClass:/Script/Engine.StaticMeshActor Name:StaticMeshActor_UAID_2CFDA1BA360FBDB101_2076149344 Label:sm_counter_low_v2 SpatiallyLoaded:1 Bounds:IsValid=true, Min=(X=308.983 Y=-1077.357 Z=-10.000), Max=(X=426.362 Y=-402.643 Z=116.437) RuntimeGrid:None EditorOnly:0 RuntimeOnly:0 HLODRelevant:1
 |   |   |- Guid:5C1BD98545F989C365C3698EB1BF6840 BaseClass: NativeClass:/Script/Engine.StaticMeshActor Name:StaticMeshActor_UAID_2CFDA1BA360FC0B101_1648317909 Label:sm_DartBoard_v1 SpatiallyLoaded:1 Bounds:IsValid=true, Min=(X=72.104 Y=-1399.319 Z=190.681), Max=(X=78.403 Y=-1280.681 Z=309.319) RuntimeGrid:None EditorOnly:0 RuntimeOnly:0 HLODRelevant:1
 |   |   |- Guid:5C453FF946075F5079F6F39307792512 BaseClass: NativeClass:/Script/Engine.StaticMeshActor Name:StaticMeshActor_UAID_2CFDA1BA360FC1B101_1286313095 Label:sm_GlassBottle_v6 SpatiallyLoaded:1 Bounds:IsValid=true, Min=(X=155.768 Y=-908.386 Z=277.208), Max=(X=168.163 Y=-895.991 Z=322.519) RuntimeGrid:None EditorOnly:0 RuntimeOnly:0 HLODRelevant:1
 |   |   |- Guid:609D08104496130BAE991DA7A537D38D BaseClass: NativeClass:/Script/Engine.StaticMeshActor Name:StaticMeshActor_UAID_2CFDA1BA360FC2B101_1981226384 Label:SM_SpeakEasy_Floor SpatiallyLoaded:1 Bounds:IsValid=true, Min=(X=-730.480 Y=-1815.384 Z=-104.544), Max=(X=2733.238 Y=105.465 Z=4.672) RuntimeGrid:None EditorOnly:0 RuntimeOnly:0 HLODRelevant:1
 |   |   |- Guid:66EF8DDE4535B0038A7D5D92285C74B1 BaseClass: NativeClass:/Script/Engine.StaticMeshActor Name:StaticMeshActor_UAID_2CFDA1BA360FC3B101_1584453565 Label:md_Pool_Table_v2 SpatiallyLoaded:1 Bounds:IsValid=true, Min=(X=1287.013 Y=-739.413 Z=2.706), Max=(X=1620.222 Y=-549.872 Z=86.510) RuntimeGrid:None EditorOnly:0 RuntimeOnly:0 HLODRelevant:1
 |   |   |- Guid:6CD4EA4146B6E74A155D57AFA435D19D BaseClass: NativeClass:/Script/Engine.StaticMeshActor Name:StaticMeshActor_UAID_2CFDA1BA360FC1B101_1534203114 Label:sm_GlassBottle_v15 SpatiallyLoaded:1 Bounds:IsValid=true, Min=(X=501.640 Y=-1106.083 Z=23.821), Max=(X=547.078 Y=-1072.693 Z=36.216) RuntimeGrid:None EditorOnly:0 RuntimeOnly:0 HLODRelevant:1
 |   |   |- Guid:6CFBFED449CD499A296E9EBE729E4403 BaseClass: NativeClass:/Script/Engine.StaticMeshActor Name:StaticMeshActor_UAID_2CFDA1BA360FC3B101_1384133563 Label:md_Pool_Table_v1 SpatiallyLoaded:1 Bounds:IsValid=true, Min=(X=715.282 Y=-739.413 Z=2.706), Max=(X=1048.491 Y=-549.872 Z=86.510) RuntimeGrid:None EditorOnly:0 RuntimeOnly:0 HLODRelevant:1
 |   |   |- Guid:6D176A47479581F4181FA2B41FC0614E BaseClass: NativeClass:/Script/Engine.StaticMeshActor Name:StaticMeshActor_UAID_2CFDA1BA360FC1B101_1291733098 Label:sm_GlassBottle_v9 SpatiallyLoaded:1 Bounds:IsValid=true, Min=(X=155.768 Y=-858.054 Z=277.208), Max=(X=168.163 Y=-845.659 Z=322.519) RuntimeGrid:None EditorOnly:0 RuntimeOnly:0 HLODRelevant:1
 |   |   |- Guid:6DF756334A30EEBD7D0DDFAC242658F5 BaseClass: NativeClass:/Script/Engine.StaticMeshActor Name:StaticMeshActor_UAID_2CFDA1BA360FBEB101_1613039522 Label:Barrel2 SpatiallyLoaded:1 Bounds:IsValid=true, Min=(X=209.150 Y=-1497.153 Z=-1.799), Max=(X=323.474 Y=-1382.828 Z=126.160) RuntimeGrid:None EditorOnly:0 RuntimeOnly:0 HLODRelevant:1
 |   |   |- Guid:6FC7245944501004F846FB8DDAF8CFE9 BaseClass: NativeClass:/Script/Engine.StaticMeshActor Name:StaticMeshActor_UAID_2CFDA1BA360FBFB101_1166959712 Label:Shaker SpatiallyLoaded:1 Bounds:IsValid=true, Min=(X=323.923 Y=-740.497 Z=116.756), Max=(X=337.945 Y=-726.475 Z=146.095) RuntimeGrid:None EditorOnly:0 RuntimeOnly:0 HLODRelevant:1
 |   |   |- Guid:725359484C3A3BD8CC6276A8E650F30A BaseClass: NativeClass:/Script/Engine.StaticMeshActor Name:StaticMeshActor_UAID_2CFDA1BA360FC1B101_1284009093 Label:sm_GlassBottle_v4 SpatiallyLoaded:1 Bounds:IsValid=true, Min=(X=155.768 Y=-939.894 Z=277.208), Max=(X=168.163 Y=-927.499 Z=322.519) RuntimeGrid:None EditorOnly:0 RuntimeOnly:0 HLODRelevant:1
 |   |   |- Guid:74340AA7476948547412F0A076AB4FE8 BaseClass: NativeClass:/Script/Engine.StaticMeshActor Name:StaticMeshActor_UAID_7C10C9426A2CD2B101_1575853033 Label:Plane SpatiallyLoaded:1 Bounds:IsValid=true, Min=(X=-415.699 Y=-1256.693 Z=-0.134), Max=(X=2688.991 Y=-525.023 Z=-0.134) RuntimeGrid:None EditorOnly:0 RuntimeOnly:0 HLODRelevant:1
 |   |   |- Guid:7883E0A546DBA2649C50A38D41E4C585 BaseClass: NativeClass:/Script/Engine.StaticMeshActor Name:StaticMeshActor_UAID_2CFDA1BA360FC1B101_1327228110 Label:glassMug3 SpatiallyLoaded:1 Bounds:IsValid=true, Min=(X=147.729 Y=-1372.742 Z=123.530), Max=(X=177.717 Y=-1343.677 Z=139.461) RuntimeGrid:None EditorOnly:0 RuntimeOnly:0 HLODRelevant:1
 |   |   |- Guid:78926FE745FC3D6F9D38139D3D48CE68 BaseClass: NativeClass:/Script/Engine.StaticMeshActor Name:StaticMeshActor_UAID_2CFDA1BA360FC0B101_1249159906 Label:sm_Barstool_v4 SpatiallyLoaded:1 Bounds:IsValid=true, Min=(X=438.058 Y=-716.038 Z=-0.166), Max=(X=513.915 Y=-635.757 Z=85.804) RuntimeGrid:None EditorOnly:0 RuntimeOnly:0 HLODRelevant:1
 |   |   |- Guid:7A784196402A3D4440D9CDB14A473973 BaseClass: NativeClass:/Script/Engine.StaticMeshActor Name:StaticMeshActor_UAID_2CFDA1BA360FBFB101_2024819724 Label:sm_Cigar_v2 SpatiallyLoaded:1 Bounds:IsValid=true, Min=(X=399.650 Y=-816.611 Z=121.548), Max=(X=410.431 Y=-812.592 Z=128.924) RuntimeGrid:None EditorOnly:0 RuntimeOnly:0 HLODRelevant:1
 |   |   |- Guid:7EBE5AC647AB9E7A88C0BFA614DFEBF7 BaseClass: NativeClass:/Script/Engine.PlayerStart Name:PlayerStart_UAID_7C10C9426A2CD1B101_1783341856 Label:PlayerStart SpatiallyLoaded:0 Bounds:IsValid=true, Min=(X=1583.826 Y=-905.627 Z=4.301), Max=(X=1663.826 Y=-825.627 Z=188.301) RuntimeGrid:None EditorOnly:0 RuntimeOnly:0 HLODRelevant:0
 |   |   |- Guid:813B5E5A43F1472FE4F0D1990468C75B BaseClass: NativeClass:/Script/Engine.StaticMeshActor Name:StaticMeshActor_UAID_2CFDA1BA360FC1B101_1289688096 Label:sm_GlassBottle_v7 SpatiallyLoaded:1 Bounds:IsValid=true, Min=(X=155.768 Y=-892.114 Z=277.208), Max=(X=168.163 Y=-879.719 Z=322.519) RuntimeGrid:None EditorOnly:0 RuntimeOnly:0 HLODRelevant:1
 |   |   |- Guid:87B8F2C647AE0379EE2481A286BEEFA6 BaseClass: NativeClass:/Script/Engine.StaticMeshActor Name:StaticMeshActor_UAID_2CFDA1BA360FBDB101_1810088342 Label:sm_LiquorNeonSign_v1 SpatiallyLoaded:1 Bounds:IsValid=true, Min=(X=114.143 Y=-1091.580 Z=132.956), Max=(X=134.467 Y=-1001.940 Z=283.299) RuntimeGrid:None EditorOnly:0 RuntimeOnly:0 HLODRelevant:1
 |   |   |- Guid:8CBA4CC14ADE2EF36989708726D5233C BaseClass: NativeClass:/Script/Engine.StaticMeshActor Name:StaticMeshActor_UAID_2CFDA1BA360FC0B101_1689181913 Label:sm_Dart_v4 SpatiallyLoaded:1 Bounds:IsValid=true, Min=(X=79.003 Y=-1343.286 Z=245.942), Max=(X=110.942 Y=-1335.169 Z=254.058) RuntimeGrid:None EditorOnly:0 RuntimeOnly:0 HLODRelevant:1
 |   |   |- Guid:937FD40B47F54A72FD5D97BE0A926724 BaseClass:/Game/Blueprints/Battle/ObjectClasses/BP_Battle_Manager.BP_Battle_Manager_C NativeClass:/Script/Engine.Actor Name:BP_Battle_Manager_C_UAID_7C10C9426A2CD5B101_1241798559 Label:BP_Battle_Manager SpatiallyLoaded:1 Bounds:IsValid=true, Min=(X=607.893 Y=-819.821 Z=0.002), Max=(X=607.893 Y=-819.821 Z=0.002) RuntimeGrid:None EditorOnly:0 RuntimeOnly:0 HLODRelevant:0
 |   |   |- Guid:94B3409B49318A945F391692AFBE761D BaseClass: NativeClass:/Script/Engine.StaticMeshActor Name:StaticMeshActor_UAID_2CFDA1BA360FBFB101_1975429721 Label:sm_Ashtray_v1 SpatiallyLoaded:1 Bounds:IsValid=true, Min=(X=958.254 Y=-734.262 Z=85.312), Max=(X=969.529 Y=-722.987 Z=89.917) RuntimeGrid:None EditorOnly:0 RuntimeOnly:0 HLODRelevant:1
 |   |   |- Guid:989D1D1A4E608BB7A9CE4BAF332A5EC9 BaseClass: NativeClass:/Script/Engine.StaticMeshActor Name:StaticMeshActor_UAID_2CFDA1BA360FC1B101_1307493104 Label:glassWine8 SpatiallyLoaded:1 Bounds:IsValid=true, Min=(X=157.378 Y=-741.927 Z=277.764), Max=(X=172.487 Y=-726.817 Z=308.761) RuntimeGrid:None EditorOnly:0 RuntimeOnly:0 HLODRelevant:1
 |   |   |- Guid:9E0FF60E4D9CEDD251D19BA73EA2DA38 BaseClass: NativeClass:/Script/Engine.StaticMeshActor Name:StaticMeshActor_UAID_2CFDA1BA360FBFB101_1279948715 Label:glassMug SpatiallyLoaded:1 Bounds:IsValid=true, Min=(X=399.853 Y=-890.271 Z=116.327), Max=(X=424.479 Y=-861.171 Z=132.258) RuntimeGrid:None EditorOnly:0 RuntimeOnly:0 HLODRelevant:1
 |   |   |- Guid:9EE2810144CFE801673FC09A8157627B BaseClass: NativeClass:/Script/Engine.StaticMeshActor Name:StaticMeshActor_UAID_2CFDA1BA360FBEB101_1616904523 Label:Barrel3 SpatiallyLoaded:1 Bounds:IsValid=true, Min=(X=89.150 Y=-1407.153 Z=-1.799), Max=(X=203.474 Y=-1292.828 Z=126.160) RuntimeGrid:None EditorOnly:0 RuntimeOnly:0 HLODRelevant:1
 |   |   |- Guid:9FB62B1147A44A4FAFA35FB793891205 BaseClass: NativeClass:/Script/Engine.StaticMeshActor Name:StaticMeshActor_UAID_2CFDA1BA360FC1B101_1291736099 Label:sm_GlassBottle_v10 SpatiallyLoaded:1 Bounds:IsValid=true, Min=(X=155.768 Y=-843.054 Z=277.208), Max=(X=168.163 Y=-830.659 Z=322.519) RuntimeGrid:None EditorOnly:0 RuntimeOnly:0 HLODRelevant:1
 |   |   |- Guid:A0D535DC4C46A280FA2351B97644D112 BaseClass: NativeClass:/Script/Engine.StaticMeshActor Name:StaticMeshActor_UAID_2CFDA1BA360FC0B101_1657625910 Label:sm_Dart_v1 SpatiallyLoaded:1 Bounds:IsValid=true, Min=(X=79.003 Y=-1308.286 Z=230.942), Max=(X=110.942 Y=-1300.169 Z=239.058) RuntimeGrid:None EditorOnly:0 RuntimeOnly:0 HLODRelevant:1
 |   |   |- Guid:A6209627481D8A954B9357B1542E1F55 BaseClass: NativeClass:/Script/Engine.StaticMeshActor Name:StaticMeshActor_UAID_2CFDA1BA360FC1B101_1572050116 Label:sm_GlassBottle_v17 SpatiallyLoaded:1 Bounds:IsValid=true, Min=(X=373.212 Y=-772.865 Z=116.585), Max=(X=385.607 Y=-760.470 Z=161.896) RuntimeGrid:None EditorOnly:0 RuntimeOnly:0 HLODRelevant:1
 |   |   |- Guid:AAAC6B5742760A58C2206DB37E44683C BaseClass: NativeClass:/Script/Engine.DirectionalLight Name:DirectionalLight_UAID_A85E45CFE40401D200_1470382761 Label:DirectionalLight SpatiallyLoaded:0 Bounds:IsValid=true, Min=(X=-4398046511104.000 Y=-4398046511104.000 Z=-4398046511104.000), Max=(X=4398046511104.000 Y=4398046511104.000 Z=4398046511104.000) RuntimeGrid:None EditorOnly:0 RuntimeOnly:0 HLODRelevant:0 FolderPath:Lighting FolderGuid:B7E9BD5B45A652654791988DEF54CCEB
 |   |   |- Guid:ADB47D2345FA4FFC2E151490BC932CA6 BaseClass: NativeClass:/Script/Engine.StaticMeshActor Name:StaticMeshActor_UAID_2CFDA1BA360FC1B101_1297576100 Label:glassWine4 SpatiallyLoaded:1 Bounds:IsValid=true, Min=(X=157.378 Y=-781.701 Z=277.764), Max=(X=172.487 Y=-766.591 Z=308.761) RuntimeGrid:None EditorOnly:0 RuntimeOnly:0 HLODRelevant:1
 |   |   |- Guid:AE0AC2E845C457D72FB07BB889FC481C BaseClass: NativeClass:/Script/Engine.StaticMeshActor Name:StaticMeshActor_UAID_2CFDA1BA360FC1B101_1312174106 Label:sm_GlassBottle_v11 SpatiallyLoaded:1 Bounds:IsValid=true, Min=(X=166.098 Y=-1248.133 Z=123.410), Max=(X=178.493 Y=-1235.738 Z=168.721) RuntimeGrid:None EditorOnly:0 RuntimeOnly:0 HLODRelevant:1
 |   |   |- Guid:AF418F5D4186C4207B14189B60B91A0D BaseClass: NativeClass:/Script/Engine.StaticMeshActor Name:StaticMeshActor_UAID_2CFDA1BA360FC0B101_1679643911 Label:sm_Dart_v2 SpatiallyLoaded:1 Bounds:IsValid=true, Min=(X=79.003 Y=-1368.286 Z=260.942), Max=(X=110.942 Y=-1360.169 Z=269.058) RuntimeGrid:None EditorOnly:0 RuntimeOnly:0 HLODRelevant:1
 |   |   |- Guid:B1F0F4FB4785FA17B1BBA8BBD3B113B4 BaseClass: NativeClass:/Script/Engine.StaticMeshActor Name:StaticMeshActor_UAID_2CFDA1BA360FC1B101_1318655107 Label:sm_GlassBottle_v12 SpatiallyLoaded:1 Bounds:IsValid=true, Min=(X=149.874 Y=-1219.877 Z=123.410), Max=(X=162.269 Y=-1207.482 Z=168.721) RuntimeGrid:None EditorOnly:0 RuntimeOnly:0 HLODRelevant:1
 |   |   |- Guid:B6E69D4D44B8608BD70F4997FCEF80A4 BaseClass:/Game/Blueprints/Battle/Spawnpoints/BP_Enemy_Spawn_Location.BP_Enemy_Spawn_Location_C NativeClass:/Script/Engine.Actor Name:BP_Enemy_Spawn_Location_C_UAID_7C10C9426A2CD6B101_1254837736 Label:BP_Enemy_Spawn_Location SpatiallyLoaded:1 Bounds:IsValid=true, Min=(X=1023.057 Y=-1090.580 Z=0.006), Max=(X=1023.057 Y=-1090.580 Z=0.006) RuntimeGrid:None EditorOnly:0 RuntimeOnly:0 HLODRelevant:0
 |   |   |- Guid:BA3A86BF4273774D6EC092929670D266 BaseClass: NativeClass:/Script/Engine.StaticMeshActor Name:StaticMeshActor_UAID_2CFDA1BA360FBEB101_2032666532 Label:sm_LoungeChair_v5 SpatiallyLoaded:1 Bounds:IsValid=true, Min=(X=1135.310 Y=-1498.097 Z=0.210), Max=(X=1285.715 Y=-1343.486 Z=120.681) RuntimeGrid:None EditorOnly:0 RuntimeOnly:0 HLODRelevant:1
 |   |   |- Guid:BC5C683440D9B98483E90CBE750CE0B6 BaseClass: NativeClass:/Script/Engine.StaticMeshActor Name:StaticMeshActor_UAID_2CFDA1BA360FC0B101_1246027904 Label:sm_Barstool_v2 SpatiallyLoaded:1 Bounds:IsValid=true, Min=(X=438.914 Y=-919.694 Z=-0.166), Max=(X=490.022 Y=-856.500 Z=85.804) RuntimeGrid:None EditorOnly:0 RuntimeOnly:0 HLODRelevant:1
 |   |   |- Guid:C35136B6408D1DBA755A2B9147B0BECA BaseClass: NativeClass:/Script/Engine.StaticMeshActor Name:StaticMeshActor_UAID_2CFDA1BA360FBFB101_1101471711 Label:sm_LoungeChair_v6 SpatiallyLoaded:1 Bounds:IsValid=true, Min=(X=488.490 Y=-1418.933 Z=0.210), Max=(X=630.119 Y=-1264.814 Z=120.681) RuntimeGrid:None EditorOnly:0 RuntimeOnly:0 HLODRelevant:1
 |   |   |- Guid:C4F09C804FE6F3F22A3C3295D4E30659 BaseClass: NativeClass:/Script/Engine.StaticMeshActor Name:StaticMeshActor_UAID_2CFDA1BA360FC1B101_1297579101 Label:glassWine5 SpatiallyLoaded:1 Bounds:IsValid=true, Min=(X=157.378 Y=-801.701 Z=277.764), Max=(X=172.487 Y=-786.591 Z=308.761) RuntimeGrid:None EditorOnly:0 RuntimeOnly:0 HLODRelevant:1
 |   |   |- Guid:C925F78046F7331BA8E79C930609D716 BaseClass: NativeClass:/Script/Engine.StaticMeshActor Name:StaticMeshActor_UAID_2CFDA1BA360FC1B101_1322191109 Label:sm_GlassBottle_v14 SpatiallyLoaded:1 Bounds:IsValid=true, Min=(X=147.746 Y=-1332.234 Z=123.410), Max=(X=160.141 Y=-1319.839 Z=168.721) RuntimeGrid:None EditorOnly:0 RuntimeOnly:0 HLODRelevant:1
 |   |   |- Guid:CB3E1B1148727F125AEE15848E783542 BaseClass: NativeClass:/Script/Engine.StaticMeshActor Name:StaticMeshActor_UAID_2CFDA1BA360FC0B101_1249155905 Label:sm_Barstool_v3 SpatiallyLoaded:1 Bounds:IsValid=true, Min=(X=437.312 Y=-817.464 Z=-0.166), Max=(X=506.951 Y=-740.601 Z=85.804) RuntimeGrid:None EditorOnly:0 RuntimeOnly:0 HLODRelevant:1
 |   |   |- Guid:CEE6DEC2401D4AF497CC489456D84106 BaseClass: NativeClass:/Script/Engine.StaticMeshActor Name:StaticMeshActor_UAID_2CFDA1BA360FC3B101_1111789562 Label:SM_Speakeasy_Wall_1 SpatiallyLoaded:1 Bounds:IsValid=true, Min=(X=-5.000 Y=-1620.000 Z=0.000), Max=(X=1815.000 Y=-330.000 Z=690.000) RuntimeGrid:None EditorOnly:0 RuntimeOnly:0 HLODRelevant:1
 |   |   |- Guid:D198C03346EF2455A6E7B7AAC4949F7D BaseClass: NativeClass:/Script/Engine.StaticMeshActor Name:StaticMeshActor_UAID_2CFDA1BA360FC0B101_1253854908 Label:sm_Barstool_v6 SpatiallyLoaded:1 Bounds:IsValid=true, Min=(X=420.469 Y=-525.841 Z=-0.166), Max=(X=501.729 Y=-446.070 Z=85.804) RuntimeGrid:None EditorOnly:0 RuntimeOnly:0 HLODRelevant:1
 |   |   |- Guid:D3FB7383421AAEFD3DB6F8B1E415A9FE BaseClass: NativeClass:/Script/Engine.ExponentialHeightFog Name:ExponentialHeightFog_UAID_A85E45CFE40401D200_1470382763 Label:ExponentialHeightFog SpatiallyLoaded:0 Bounds:IsValid=true, Min=(X=-5600.000 Y=-50.000 Z=-6850.000), Max=(X=-5600.000 Y=-50.000 Z=-6850.000) RuntimeGrid:None EditorOnly:0 RuntimeOnly:0 HLODRelevant:0 FolderPath:Lighting FolderGuid:B7E9BD5B45A652654791988DEF54CCEB
 |   |   |- Guid:D7B5D5664193AA38B1A7CFBEC41BB14D BaseClass: NativeClass:/Script/Engine.StaticMeshActor Name:StaticMeshActor_UAID_2CFDA1BA360FBFB101_2000023722 Label:sm_Cigar_v1 SpatiallyLoaded:1 Bounds:IsValid=true, Min=(X=953.931 Y=-730.905 Z=87.398), Max=(X=964.712 Y=-726.885 Z=94.774) RuntimeGrid:None EditorOnly:0 RuntimeOnly:0 HLODRelevant:1
 |   |   |- Guid:D813B13441B544E1270E1299E0DA06BD BaseClass: NativeClass:/Script/Engine.StaticMeshActor Name:StaticMeshActor_UAID_2CFDA1BA360FBFB101_1279920714 Label:glassMartini SpatiallyLoaded:1 Bounds:IsValid=true, Min=(X=324.164 Y=-714.980 Z=116.646), Max=(X=340.062 Y=-699.083 Z=142.085) RuntimeGrid:None EditorOnly:0 RuntimeOnly:0 HLODRelevant:1
 |   |   |- Guid:DCB8B3F54401B4C36A3877A5B5A4DE8F BaseClass: NativeClass:/Script/Engine.StaticMeshActor Name:StaticMeshActor_UAID_2CFDA1BA360FBEB101_2084004534 Label:Couch SpatiallyLoaded:1 Bounds:IsValid=true, Min=(X=637.394 Y=-1520.148 Z=17.281), Max=(X=922.606 Y=-1400.345 Z=140.775) RuntimeGrid:None EditorOnly:0 RuntimeOnly:0 HLODRelevant:1
 |   |   |- Guid:E0950BF5441269516C08148C174B85FF BaseClass: NativeClass:/Script/Engine.StaticMeshActor Name:StaticMeshActor_UAID_2CFDA1BA360FC1B101_1383140113 Label:sm_VintageCashRegister_V1 SpatiallyLoaded:1 Bounds:IsValid=true, Min=(X=319.116 Y=-674.288 Z=114.534), Max=(X=361.637 Y=-624.758 Z=160.883) RuntimeGrid:None EditorOnly:0 RuntimeOnly:0 HLODRelevant:1
 |   |   |- Guid:E1DF514D465DE859460CCCACC8F28340 BaseClass: NativeClass:/Script/Engine.StaticMeshActor Name:StaticMeshActor_UAID_74563C4F828115B101_1959440786 Label:Bar_SM_Lamp_Ceiling SpatiallyLoaded:1 Bounds:IsValid=true, Min=(X=841.316 Y=-682.938 Z=220.463), Max=(X=920.516 Y=-583.938 Z=420.759) RuntimeGrid:None EditorOnly:0 RuntimeOnly:0 HLODRelevant:1
 |   |   |- Guid:E780FC4D4A8CF38B0F49A5A4E28AF44C BaseClass: NativeClass:/Script/Engine.StaticMeshActor Name:StaticMeshActor_UAID_2CFDA1BA360FBFB101_2024817723 Label:sm_Ashtray_v2 SpatiallyLoaded:1 Bounds:IsValid=true, Min=(X=403.974 Y=-819.969 Z=119.463), Max=(X=415.249 Y=-808.694 Z=124.068) RuntimeGrid:None EditorOnly:0 RuntimeOnly:0 HLODRelevant:1
 |   |   |- Guid:E99309E8480204BF07AD148FF824CC1E BaseClass: NativeClass:/Script/Engine.StaticMeshActor Name:StaticMeshActor_UAID_74563C4F828115B101_1959390781 Label:Bar_Cube17 SpatiallyLoaded:1 Bounds:IsValid=true, Min=(X=80.000 Y=-997.500 Z=2.500), Max=(X=180.000 Y=-422.500 Z=277.500) RuntimeGrid:None EditorOnly:0 RuntimeOnly:0 HLODRelevant:1
 |   |   |- Guid:EB187DBD468530F465D766B38FA52AD1 BaseClass: NativeClass:/Script/Engine.StaticMeshActor Name:StaticMeshActor_UAID_2CFDA1BA360FC1B101_1275123091 Label:sm_GlassBottle_v2 SpatiallyLoaded:1 Bounds:IsValid=true, Min=(X=155.768 Y=-971.197 Z=277.208), Max=(X=168.163 Y=-958.803 Z=322.519) RuntimeGrid:None EditorOnly:0 RuntimeOnly:0 HLODRelevant:1
 |   |   |- Guid:EC8E2B0B435DC6F5AACCAE8C9DB3686A BaseClass: NativeClass:/Script/Engine.StaticMeshActor Name:StaticMeshActor_UAID_2CFDA1BA360FBEB101_1623583524 Label:Barrel4 SpatiallyLoaded:1 Bounds:IsValid=true, Min=(X=89.150 Y=-1287.153 Z=-1.799), Max=(X=203.474 Y=-1172.828 Z=126.160) RuntimeGrid:None EditorOnly:0 RuntimeOnly:0 HLODRelevant:1
 |   |   |- Guid:ECE4A684417338CE633CD2B8CDB1848D BaseClass: NativeClass:/Script/Engine.StaticMeshActor Name:StaticMeshActor_UAID_74563C4F828115B101_1959369779 Label:Bar_Cube4 SpatiallyLoaded:1 Bounds:IsValid=true, Min=(X=-4003.289 Y=-2891.485 Z=915.000), Max=(X=3633.207 Y=1173.394 Z=1065.000) RuntimeGrid:None EditorOnly:0 RuntimeOnly:0 HLODRelevant:1
 |   |   |- Guid:ED5B5F7B466F7D6008FBB0A9BF19C65F BaseClass: NativeClass:/Script/Engine.StaticMeshActor Name:StaticMeshActor_UAID_2CFDA1BA360FBFB101_1323165719 Label:glassMug2 SpatiallyLoaded:1 Bounds:IsValid=true, Min=(X=392.025 Y=-1003.108 Z=116.327), Max=(X=422.014 Y=-974.042 Z=132.258) RuntimeGrid:None EditorOnly:0 RuntimeOnly:0 HLODRelevant:1
 |   |   |- Guid:F2454A5945EE7B99053D13BE7D550486 BaseClass: NativeClass:/Script/Engine.StaticMeshActor Name:StaticMeshActor_UAID_2CFDA1BA360FC1B101_1284006092 Label:sm_GlassBottle_v3 SpatiallyLoaded:1 Bounds:IsValid=true, Min=(X=155.768 Y=-954.894 Z=277.208), Max=(X=168.163 Y=-942.499 Z=322.519) RuntimeGrid:None EditorOnly:0 RuntimeOnly:0 HLODRelevant:1
 |   |   |- Guid:F4E7E94F4A2557ABADACD1831EE5FA2F BaseClass: NativeClass:/Script/Engine.StaticMeshActor Name:StaticMeshActor_UAID_2CFDA1BA360FC0B101_1681269912 Label:sm_Dart_v3 SpatiallyLoaded:1 Bounds:IsValid=true, Min=(X=79.003 Y=-1353.286 Z=215.942), Max=(X=110.942 Y=-1345.169 Z=224.058) RuntimeGrid:None EditorOnly:0 RuntimeOnly:0 HLODRelevant:1
 |   |   |- Guid:F8B521224E5287B33B6FEA8579CB65E2 BaseClass: NativeClass:/Script/Engine.StaticMeshActor Name:StaticMeshActor_UAID_2CFDA1BA360FBDB101_1436679340 Label:Bar_SM_Lamp_Ceiling2 SpatiallyLoaded:1 Bounds:IsValid=true, Min=(X=1381.316 Y=-682.938 Z=220.463), Max=(X=1460.516 Y=-583.938 Z=420.759) RuntimeGrid:None EditorOnly:0 RuntimeOnly:0 HLODRelevant:1
 |   |- [+] Clusters:
 |   |   |- [+] [  0]
 |   |   |   |- Guid:1A2D075D434374CD55EBAEB445AAED90 BaseClass: NativeClass:/Script/Engine.PointLight Name:PointLight_UAID_2CFDA1BA360FBDB101_1511028341 Label:PointLight2 SpatiallyLoaded:1 Bounds:IsValid=true, Min=(X=1019.170 Y=-1021.442 Z=-180.996), Max=(X=1823.869 Y=-216.743 Z=623.703) RuntimeGrid:None EditorOnly:0 RuntimeOnly:0 HLODRelevant:0
 |   |   |- [+] [  1]
 |   |   |   |- Guid:0F13D56B4FA43BDEF6667DBD444E8D77 BaseClass: NativeClass:/Script/Engine.StaticMeshActor Name:StaticMeshActor_UAID_2CFDA1BA360FBFB101_1293788717 Label:glassWine2 SpatiallyLoaded:1 Bounds:IsValid=true, Min=(X=395.698 Y=-1044.788 Z=116.308), Max=(X=410.808 Y=-1029.679 Z=147.306) RuntimeGrid:None EditorOnly:0 RuntimeOnly:0 HLODRelevant:1
 |   |   |- [+] [  2]
 |   |   |   |- Guid:E99309E8480204BF07AD148FF824CC1E BaseClass: NativeClass:/Script/Engine.StaticMeshActor Name:StaticMeshActor_UAID_74563C4F828115B101_1959390781 Label:Bar_Cube17 SpatiallyLoaded:1 Bounds:IsValid=true, Min=(X=80.000 Y=-997.500 Z=2.500), Max=(X=180.000 Y=-422.500 Z=277.500) RuntimeGrid:None EditorOnly:0 RuntimeOnly:0 HLODRelevant:1
 |   |   |- [+] [  3]
 |   |   |   |- Guid:BC5C683440D9B98483E90CBE750CE0B6 BaseClass: NativeClass:/Script/Engine.StaticMeshActor Name:StaticMeshActor_UAID_2CFDA1BA360FC0B101_1246027904 Label:sm_Barstool_v2 SpatiallyLoaded:1 Bounds:IsValid=true, Min=(X=438.914 Y=-919.694 Z=-0.166), Max=(X=490.022 Y=-856.500 Z=85.804) RuntimeGrid:None EditorOnly:0 RuntimeOnly:0 HLODRelevant:1
 |   |   |- [+] [  4]
 |   |   |   |- Guid:16F604F44E76B3084A6275A3D8F91029 BaseClass: NativeClass:/Script/Engine.StaticMeshActor Name:StaticMeshActor_UAID_2CFDA1BA360FC1B101_1320607108 Label:sm_GlassBottle_v13 SpatiallyLoaded:1 Bounds:IsValid=true, Min=(X=115.376 Y=-1374.166 Z=123.410), Max=(X=127.771 Y=-1361.771 Z=168.721) RuntimeGrid:None EditorOnly:0 RuntimeOnly:0 HLODRelevant:1
 |   |   |- [+] [  5]
 |   |   |   |- Guid:7A784196402A3D4440D9CDB14A473973 BaseClass: NativeClass:/Script/Engine.StaticMeshActor Name:StaticMeshActor_UAID_2CFDA1BA360FBFB101_2024819724 Label:sm_Cigar_v2 SpatiallyLoaded:1 Bounds:IsValid=true, Min=(X=399.650 Y=-816.611 Z=121.548), Max=(X=410.431 Y=-812.592 Z=128.924) RuntimeGrid:None EditorOnly:0 RuntimeOnly:0 HLODRelevant:1
 |   |   |- [+] [  6]
 |   |   |   |- Guid:66EF8DDE4535B0038A7D5D92285C74B1 BaseClass: NativeClass:/Script/Engine.StaticMeshActor Name:StaticMeshActor_UAID_2CFDA1BA360FC3B101_1584453565 Label:md_Pool_Table_v2 SpatiallyLoaded:1 Bounds:IsValid=true, Min=(X=1287.013 Y=-739.413 Z=2.706), Max=(X=1620.222 Y=-549.872 Z=86.510) RuntimeGrid:None EditorOnly:0 RuntimeOnly:0 HLODRelevant:1
 |   |   |- [+] [  7]
 |   |   |   |- Guid:0C8E3582413138B20868BB97DCB32BFA BaseClass: NativeClass:/Script/Engine.StaticMeshActor Name:StaticMeshActor_UAID_2CFDA1BA360FBFB101_1294844718 Label:glassWine3 SpatiallyLoaded:1 Bounds:IsValid=true, Min=(X=343.451 Y=-929.640 Z=116.308), Max=(X=358.561 Y=-914.531 Z=147.306) RuntimeGrid:None EditorOnly:0 RuntimeOnly:0 HLODRelevant:1
 |   |   |- [+] [  8]
 |   |   |   |- Guid:6FC7245944501004F846FB8DDAF8CFE9 BaseClass: NativeClass:/Script/Engine.StaticMeshActor Name:StaticMeshActor_UAID_2CFDA1BA360FBFB101_1166959712 Label:Shaker SpatiallyLoaded:1 Bounds:IsValid=true, Min=(X=323.923 Y=-740.497 Z=116.756), Max=(X=337.945 Y=-726.475 Z=146.095) RuntimeGrid:None EditorOnly:0 RuntimeOnly:0 HLODRelevant:1
 |   |   |- [+] [  9]
 |   |   |   |- Guid:D3FB7383421AAEFD3DB6F8B1E415A9FE BaseClass: NativeClass:/Script/Engine.ExponentialHeightFog Name:ExponentialHeightFog_UAID_A85E45CFE40401D200_1470382763 Label:ExponentialHeightFog SpatiallyLoaded:0 Bounds:IsValid=true, Min=(X=-5600.000 Y=-50.000 Z=-6850.000), Max=(X=-5600.000 Y=-50.000 Z=-6850.000) RuntimeGrid:None EditorOnly:0 RuntimeOnly:0 HLODRelevant:0 FolderPath:Lighting FolderGuid:B7E9BD5B45A652654791988DEF54CCEB
 |   |   |- [+] [ 10]
 |   |   |   |- Guid:27E8EBEA4E2ADF9CB916A7AB82B0CF01 BaseClass: NativeClass:/Script/Engine.StaticMeshActor Name:StaticMeshActor_UAID_2CFDA1BA360FC1B101_1242251090 Label:sm_GlassBottle_v1 SpatiallyLoaded:1 Bounds:IsValid=true, Min=(X=155.768 Y=-986.197 Z=277.208), Max=(X=168.163 Y=-973.803 Z=322.519) RuntimeGrid:None EditorOnly:0 RuntimeOnly:0 HLODRelevant:1
 |   |   |- [+] [ 11]
 |   |   |   |- Guid:B1F0F4FB4785FA17B1BBA8BBD3B113B4 BaseClass: NativeClass:/Script/Engine.StaticMeshActor Name:StaticMeshActor_UAID_2CFDA1BA360FC1B101_1318655107 Label:sm_GlassBottle_v12 SpatiallyLoaded:1 Bounds:IsValid=true, Min=(X=149.874 Y=-1219.877 Z=123.410), Max=(X=162.269 Y=-1207.482 Z=168.721) RuntimeGrid:None EditorOnly:0 RuntimeOnly:0 HLODRelevant:1
 |   |   |- [+] [ 12]
 |   |   |   |- Guid:F4E7E94F4A2557ABADACD1831EE5FA2F BaseClass: NativeClass:/Script/Engine.StaticMeshActor Name:StaticMeshActor_UAID_2CFDA1BA360FC0B101_1681269912 Label:sm_Dart_v3 SpatiallyLoaded:1 Bounds:IsValid=true, Min=(X=79.003 Y=-1353.286 Z=215.942), Max=(X=110.942 Y=-1345.169 Z=224.058) RuntimeGrid:None EditorOnly:0 RuntimeOnly:0 HLODRelevant:1
 |   |   |- [+] [ 13]
 |   |   |   |- Guid:F8B521224E5287B33B6FEA8579CB65E2 BaseClass: NativeClass:/Script/Engine.StaticMeshActor Name:StaticMeshActor_UAID_2CFDA1BA360FBDB101_1436679340 Label:Bar_SM_Lamp_Ceiling2 SpatiallyLoaded:1 Bounds:IsValid=true, Min=(X=1381.316 Y=-682.938 Z=220.463), Max=(X=1460.516 Y=-583.938 Z=420.759) RuntimeGrid:None EditorOnly:0 RuntimeOnly:0 HLODRelevant:1
 |   |   |- [+] [ 14]
 |   |   |   |- Guid:32333103404E38F417C235896669D65C BaseClass: NativeClass:/Script/Engine.StaticMeshActor Name:StaticMeshActor_UAID_2CFDA1BA360FC1B101_1289691097 Label:sm_GlassBottle_v8 SpatiallyLoaded:1 Bounds:IsValid=true, Min=(X=155.768 Y=-877.114 Z=277.208), Max=(X=168.163 Y=-864.719 Z=322.519) RuntimeGrid:None EditorOnly:0 RuntimeOnly:0 HLODRelevant:1
 |   |   |- [+] [ 15]
 |   |   |   |- Guid:6D176A47479581F4181FA2B41FC0614E BaseClass: NativeClass:/Script/Engine.StaticMeshActor Name:StaticMeshActor_UAID_2CFDA1BA360FC1B101_1291733098 Label:sm_GlassBottle_v9 SpatiallyLoaded:1 Bounds:IsValid=true, Min=(X=155.768 Y=-858.054 Z=277.208), Max=(X=168.163 Y=-845.659 Z=322.519) RuntimeGrid:None EditorOnly:0 RuntimeOnly:0 HLODRelevant:1
 |   |   |- [+] [ 16]
 |   |   |   |- Guid:4839CC8742C838A2B04C4D9D38E01CF0 BaseClass: NativeClass:/Script/Engine.StaticMeshActor Name:StaticMeshActor_UAID_2CFDA1BA360FC1B101_1297580102 Label:glassWine6 SpatiallyLoaded:1 Bounds:IsValid=true, Min=(X=157.378 Y=-821.701 Z=277.764), Max=(X=172.487 Y=-806.591 Z=308.761) RuntimeGrid:None EditorOnly:0 RuntimeOnly:0 HLODRelevant:1
 |   |   |- [+] [ 17]
 |   |   |   |- Guid:A6209627481D8A954B9357B1542E1F55 BaseClass: NativeClass:/Script/Engine.StaticMeshActor Name:StaticMeshActor_UAID_2CFDA1BA360FC1B101_1572050116 Label:sm_GlassBottle_v17 SpatiallyLoaded:1 Bounds:IsValid=true, Min=(X=373.212 Y=-772.865 Z=116.585), Max=(X=385.607 Y=-760.470 Z=161.896) RuntimeGrid:None EditorOnly:0 RuntimeOnly:0 HLODRelevant:1
 |   |   |- [+] [ 18]
 |   |   |   |- Guid:AF418F5D4186C4207B14189B60B91A0D BaseClass: NativeClass:/Script/Engine.StaticMeshActor Name:StaticMeshActor_UAID_2CFDA1BA360FC0B101_1679643911 Label:sm_Dart_v2 SpatiallyLoaded:1 Bounds:IsValid=true, Min=(X=79.003 Y=-1368.286 Z=260.942), Max=(X=110.942 Y=-1360.169 Z=269.058) RuntimeGrid:None EditorOnly:0 RuntimeOnly:0 HLODRelevant:1
 |   |   |- [+] [ 19]
 |   |   |   |- Guid:78926FE745FC3D6F9D38139D3D48CE68 BaseClass: NativeClass:/Script/Engine.StaticMeshActor Name:StaticMeshActor_UAID_2CFDA1BA360FC0B101_1249159906 Label:sm_Barstool_v4 SpatiallyLoaded:1 Bounds:IsValid=true, Min=(X=438.058 Y=-716.038 Z=-0.166), Max=(X=513.915 Y=-635.757 Z=85.804) RuntimeGrid:None EditorOnly:0 RuntimeOnly:0 HLODRelevant:1
 |   |   |- [+] [ 20]
 |   |   |   |- Guid:196DCE514C824896576CE7BE49AC7793 BaseClass: NativeClass:/Script/Engine.StaticMeshActor Name:StaticMeshActor_UAID_2CFDA1BA360FBDB101_2054395343 Label:Mannequin3 SpatiallyLoaded:1 Bounds:IsValid=true, Min=(X=229.383 Y=-769.624 Z=-4.543), Max=(X=267.027 Y=-629.204 Z=181.040) RuntimeGrid:None EditorOnly:0 RuntimeOnly:0 HLODRelevant:1
 |   |   |- [+] [ 21]
 |   |   |   |- Guid:F2454A5945EE7B99053D13BE7D550486 BaseClass: NativeClass:/Script/Engine.StaticMeshActor Name:StaticMeshActor_UAID_2CFDA1BA360FC1B101_1284006092 Label:sm_GlassBottle_v3 SpatiallyLoaded:1 Bounds:IsValid=true, Min=(X=155.768 Y=-954.894 Z=277.208), Max=(X=168.163 Y=-942.499 Z=322.519) RuntimeGrid:None EditorOnly:0 RuntimeOnly:0 HLODRelevant:1
 |   |   |- [+] [ 22]
 |   |   |   |- Guid:813B5E5A43F1472FE4F0D1990468C75B BaseClass: NativeClass:/Script/Engine.StaticMeshActor Name:StaticMeshActor_UAID_2CFDA1BA360FC1B101_1289688096 Label:sm_GlassBottle_v7 SpatiallyLoaded:1 Bounds:IsValid=true, Min=(X=155.768 Y=-892.114 Z=277.208), Max=(X=168.163 Y=-879.719 Z=322.519) RuntimeGrid:None EditorOnly:0 RuntimeOnly:0 HLODRelevant:1
 |   |   |- [+] [ 23]
 |   |   |   |- Guid:EB187DBD468530F465D766B38FA52AD1 BaseClass: NativeClass:/Script/Engine.StaticMeshActor Name:StaticMeshActor_UAID_2CFDA1BA360FC1B101_1275123091 Label:sm_GlassBottle_v2 SpatiallyLoaded:1 Bounds:IsValid=true, Min=(X=155.768 Y=-971.197 Z=277.208), Max=(X=168.163 Y=-958.803 Z=322.519) RuntimeGrid:None EditorOnly:0 RuntimeOnly:0 HLODRelevant:1
 |   |   |- [+] [ 24]
 |   |   |   |- Guid:1DE8D7AC4103A2EABA11649C7FCF8ACA BaseClass: NativeClass:/Script/Engine.SkyLight Name:SkyLight_UAID_A85E45CFE40401D200_1470380759 Label:SkyLight SpatiallyLoaded:0 Bounds:IsValid=true, Min=(X=0.000 Y=0.000 Z=0.000), Max=(X=0.000 Y=0.000 Z=0.000) RuntimeGrid:None EditorOnly:0 RuntimeOnly:0 HLODRelevant:0 FolderPath:Lighting FolderGuid:B7E9BD5B45A652654791988DEF54CCEB
 |   |   |- [+] [ 25]
 |   |   |   |- Guid:EC8E2B0B435DC6F5AACCAE8C9DB3686A BaseClass: NativeClass:/Script/Engine.StaticMeshActor Name:StaticMeshActor_UAID_2CFDA1BA360FBEB101_1623583524 Label:Barrel4 SpatiallyLoaded:1 Bounds:IsValid=true, Min=(X=89.150 Y=-1287.153 Z=-1.799), Max=(X=203.474 Y=-1172.828 Z=126.160) RuntimeGrid:None EditorOnly:0 RuntimeOnly:0 HLODRelevant:1
 |   |   |- [+] [ 26]
 |   |   |   |- Guid:74340AA7476948547412F0A076AB4FE8 BaseClass: NativeClass:/Script/Engine.StaticMeshActor Name:StaticMeshActor_UAID_7C10C9426A2CD2B101_1575853033 Label:Plane SpatiallyLoaded:1 Bounds:IsValid=true, Min=(X=-415.699 Y=-1256.693 Z=-0.134), Max=(X=2688.991 Y=-525.023 Z=-0.134) RuntimeGrid:None EditorOnly:0 RuntimeOnly:0 HLODRelevant:1
 |   |   |- [+] [ 27]
 |   |   |   |- Guid:C35136B6408D1DBA755A2B9147B0BECA BaseClass: NativeClass:/Script/Engine.StaticMeshActor Name:StaticMeshActor_UAID_2CFDA1BA360FBFB101_1101471711 Label:sm_LoungeChair_v6 SpatiallyLoaded:1 Bounds:IsValid=true, Min=(X=488.490 Y=-1418.933 Z=0.210), Max=(X=630.119 Y=-1264.814 Z=120.681) RuntimeGrid:None EditorOnly:0 RuntimeOnly:0 HLODRelevant:1
 |   |   |- [+] [ 28]
 |   |   |   |- Guid:40E4777A43F2EB40A8751BBC32CD13F7 BaseClass: NativeClass:/Script/Engine.RectLight Name:RectLight_UAID_2CFDA1BA360FBFB101_1376489720 Label:RectLight2 SpatiallyLoaded:1 Bounds:IsValid=true, Min=(X=573.934 Y=-1621.804 Z=-88.071), Max=(X=1565.674 Y=-630.064 Z=903.670) RuntimeGrid:None EditorOnly:0 RuntimeOnly:0 HLODRelevant:0
 |   |   |- [+] [ 29]
 |   |   |   |- Guid:9EE2810144CFE801673FC09A8157627B BaseClass: NativeClass:/Script/Engine.StaticMeshActor Name:StaticMeshActor_UAID_2CFDA1BA360FBEB101_1616904523 Label:Barrel3 SpatiallyLoaded:1 Bounds:IsValid=true, Min=(X=89.150 Y=-1407.153 Z=-1.799), Max=(X=203.474 Y=-1292.828 Z=126.160) RuntimeGrid:None EditorOnly:0 RuntimeOnly:0 HLODRelevant:1
 |   |   |- [+] [ 30]
 |   |   |   |- Guid:48B76D8147576360DB2FAEAF436A6345 BaseClass: NativeClass:/Script/Engine.StaticMeshActor Name:StaticMeshActor_UAID_2CFDA1BA360FC1B101_1544773115 Label:sm_GlassBottle_v16 SpatiallyLoaded:1 Bounds:IsValid=true, Min=(X=571.624 Y=-1247.974 Z=23.821), Max=(X=617.062 Y=-1214.584 Z=36.216) RuntimeGrid:None EditorOnly:0 RuntimeOnly:0 HLODRelevant:1
 |   |   |- [+] [ 31]
 |   |   |   |- Guid:153335DF4BBF5054E34CA79FE13D4064 BaseClass: NativeClass:/Script/Engine.StaticMeshActor Name:StaticMeshActor_UAID_2CFDA1BA360FBEB101_2016546528 Label:sm_LoungeChair_v2 SpatiallyLoaded:1 Bounds:IsValid=true, Min=(X=919.278 Y=-1505.081 Z=0.210), Max=(X=1060.907 Y=-1350.961 Z=120.681) RuntimeGrid:None EditorOnly:0 RuntimeOnly:0 HLODRelevant:1
 |   |   |- [+] [ 32]
 |   |   |   |- Guid:D7B5D5664193AA38B1A7CFBEC41BB14D BaseClass: NativeClass:/Script/Engine.StaticMeshActor Name:StaticMeshActor_UAID_2CFDA1BA360FBFB101_2000023722 Label:sm_Cigar_v1 SpatiallyLoaded:1 Bounds:IsValid=true, Min=(X=953.931 Y=-730.905 Z=87.398), Max=(X=964.712 Y=-726.885 Z=94.774) RuntimeGrid:None EditorOnly:0 RuntimeOnly:0 HLODRelevant:1
 |   |   |- [+] [ 33]
 |   |   |   |- Guid:0BE02B8E48BC1044423606AA05BAC40A BaseClass: NativeClass:/Script/Engine.StaticMeshActor Name:StaticMeshActor_UAID_2CFDA1BA360FC1B101_1307490103 Label:glassWine7 SpatiallyLoaded:1 Bounds:IsValid=true, Min=(X=157.378 Y=-721.927 Z=277.764), Max=(X=172.487 Y=-706.817 Z=308.761) RuntimeGrid:None EditorOnly:0 RuntimeOnly:0 HLODRelevant:1
 |   |   |- [+] [ 34]
 |   |   |   |- Guid:18007EA8448E9CF80A164CB6FEE82959 BaseClass: NativeClass:/Script/Engine.StaticMeshActor Name:StaticMeshActor_UAID_2CFDA1BA360FC1B101_1307494105 Label:glassWine9 SpatiallyLoaded:1 Bounds:IsValid=true, Min=(X=157.378 Y=-761.927 Z=277.764), Max=(X=172.487 Y=-746.817 Z=308.761) RuntimeGrid:None EditorOnly:0 RuntimeOnly:0 HLODRelevant:1
 |   |   |- [+] [ 35]
 |   |   |   |- Guid:6CD4EA4146B6E74A155D57AFA435D19D BaseClass: NativeClass:/Script/Engine.StaticMeshActor Name:StaticMeshActor_UAID_2CFDA1BA360FC1B101_1534203114 Label:sm_GlassBottle_v15 SpatiallyLoaded:1 Bounds:IsValid=true, Min=(X=501.640 Y=-1106.083 Z=23.821), Max=(X=547.078 Y=-1072.693 Z=36.216) RuntimeGrid:None EditorOnly:0 RuntimeOnly:0 HLODRelevant:1
 |   |   |- [+] [ 36]
 |   |   |   |- Guid:30B29AEC4FE663B8561E81B5FDF112AE BaseClass:/Game/Blueprints/Battle/Spawnpoints/BP_Player_Spawn_Location.BP_Player_Spawn_Location_C NativeClass:/Script/Engine.Actor Name:BP_Spawn_Location_C_UAID_7C10C9426A2CCFB101_1828417503 Label:BP_Spawn_Location SpatiallyLoaded:1 Bounds:IsValid=true, Min=(X=1620.385 Y=-869.440 Z=14.343), Max=(X=1620.385 Y=-869.440 Z=14.343) RuntimeGrid:None EditorOnly:0 RuntimeOnly:0 HLODRelevant:0
 |   |   |- [+] [ 37]
 |   |   |   |- Guid:4773722E4F0349526FDDE6BF39B654E2 BaseClass: NativeClass:/Script/Engine.PointLight Name:PointLight_UAID_2CFDA1BA360FBCB101_2092151159 Label:PointLight SpatiallyLoaded:1 Bounds:IsValid=true, Min=(X=449.170 Y=-1021.442 Z=-180.996), Max=(X=1253.869 Y=-216.743 Z=623.703) RuntimeGrid:None EditorOnly:0 RuntimeOnly:0 HLODRelevant:0
 |   |   |- [+] [ 38]
 |   |   |   |- Guid:6DF756334A30EEBD7D0DDFAC242658F5 BaseClass: NativeClass:/Script/Engine.StaticMeshActor Name:StaticMeshActor_UAID_2CFDA1BA360FBEB101_1613039522 Label:Barrel2 SpatiallyLoaded:1 Bounds:IsValid=true, Min=(X=209.150 Y=-1497.153 Z=-1.799), Max=(X=323.474 Y=-1382.828 Z=126.160) RuntimeGrid:None EditorOnly:0 RuntimeOnly:0 HLODRelevant:1
 |   |   |- [+] [ 39]
 |   |   |   |- Guid:AE0AC2E845C457D72FB07BB889FC481C BaseClass: NativeClass:/Script/Engine.StaticMeshActor Name:StaticMeshActor_UAID_2CFDA1BA360FC1B101_1312174106 Label:sm_GlassBottle_v11 SpatiallyLoaded:1 Bounds:IsValid=true, Min=(X=166.098 Y=-1248.133 Z=123.410), Max=(X=178.493 Y=-1235.738 Z=168.721) RuntimeGrid:None EditorOnly:0 RuntimeOnly:0 HLODRelevant:1
 |   |   |- [+] [ 40]
 |   |   |   |- Guid:9E0FF60E4D9CEDD251D19BA73EA2DA38 BaseClass: NativeClass:/Script/Engine.StaticMeshActor Name:StaticMeshActor_UAID_2CFDA1BA360FBFB101_1279948715 Label:glassMug SpatiallyLoaded:1 Bounds:IsValid=true, Min=(X=399.853 Y=-890.271 Z=116.327), Max=(X=424.479 Y=-861.171 Z=132.258) RuntimeGrid:None EditorOnly:0 RuntimeOnly:0 HLODRelevant:1
 |   |   |- [+] [ 41]
 |   |   |   |- Guid:ADB47D2345FA4FFC2E151490BC932CA6 BaseClass: NativeClass:/Script/Engine.StaticMeshActor Name:StaticMeshActor_UAID_2CFDA1BA360FC1B101_1297576100 Label:glassWine4 SpatiallyLoaded:1 Bounds:IsValid=true, Min=(X=157.378 Y=-781.701 Z=277.764), Max=(X=172.487 Y=-766.591 Z=308.761) RuntimeGrid:None EditorOnly:0 RuntimeOnly:0 HLODRelevant:1
 |   |   |- [+] [ 42]
 |   |   |   |- Guid:ECE4A684417338CE633CD2B8CDB1848D BaseClass: NativeClass:/Script/Engine.StaticMeshActor Name:StaticMeshActor_UAID_74563C4F828115B101_1959369779 Label:Bar_Cube4 SpatiallyLoaded:1 Bounds:IsValid=true, Min=(X=-4003.289 Y=-2891.485 Z=915.000), Max=(X=3633.207 Y=1173.394 Z=1065.000) RuntimeGrid:None EditorOnly:0 RuntimeOnly:0 HLODRelevant:1
 |   |   |- [+] [ 43]
 |   |   |   |- Guid:87B8F2C647AE0379EE2481A286BEEFA6 BaseClass: NativeClass:/Script/Engine.StaticMeshActor Name:StaticMeshActor_UAID_2CFDA1BA360FBDB101_1810088342 Label:sm_LiquorNeonSign_v1 SpatiallyLoaded:1 Bounds:IsValid=true, Min=(X=114.143 Y=-1091.580 Z=132.956), Max=(X=134.467 Y=-1001.940 Z=283.299) RuntimeGrid:None EditorOnly:0 RuntimeOnly:0 HLODRelevant:1
 |   |   |- [+] [ 44]
 |   |   |   |- Guid:5368FABB47D6D9580DAECA8B0417BF92 BaseClass: NativeClass:/Script/Engine.WorldDataLayers Name:WorldDataLayers Label:WorldDataLayers-1 SpatiallyLoaded:0 Bounds:IsValid=true, Min=(X=0.000 Y=0.000 Z=0.000), Max=(X=0.000 Y=0.000 Z=0.000) RuntimeGrid:None EditorOnly:0 RuntimeOnly:0 HLODRelevant:0
 |   |   |- [+] [ 45]
 |   |   |   |- Guid:393B8CC148F805317B9CC3BA03A39A65 BaseClass: NativeClass:/Script/Engine.StaticMeshActor Name:StaticMeshActor_UAID_2CFDA1BA360FC0B101_1253850907 Label:sm_Barstool_v5 SpatiallyLoaded:1 Bounds:IsValid=true, Min=(X=436.248 Y=-617.839 Z=-0.166), Max=(X=497.553 Y=-546.731 Z=85.804) RuntimeGrid:None EditorOnly:0 RuntimeOnly:0 HLODRelevant:1
 |   |   |- [+] [ 46]
 |   |   |   |- Guid:BA3A86BF4273774D6EC092929670D266 BaseClass: NativeClass:/Script/Engine.StaticMeshActor Name:StaticMeshActor_UAID_2CFDA1BA360FBEB101_2032666532 Label:sm_LoungeChair_v5 SpatiallyLoaded:1 Bounds:IsValid=true, Min=(X=1135.310 Y=-1498.097 Z=0.210), Max=(X=1285.715 Y=-1343.486 Z=120.681) RuntimeGrid:None EditorOnly:0 RuntimeOnly:0 HLODRelevant:1
 |   |   |- [+] [ 47]
 |   |   |   |- Guid:31B5D63F4156B1031567F6A97E85AD3D BaseClass: NativeClass:/Script/Engine.RectLight Name:RectLight_UAID_2CFDA1BA360FBCB101_2101840160 Label:RectLight SpatiallyLoaded:1 Bounds:IsValid=true, Min=(X=-227.484 Y=-1317.484 Z=-137.484), Max=(X=907.484 Y=-182.516 Z=997.484) RuntimeGrid:None EditorOnly:0 RuntimeOnly:0 HLODRelevant:0
 |   |   |- [+] [ 48]
 |   |   |   |- Guid:30B8733B45A11AADA742CDB2B0013873 BaseClass: NativeClass:/Script/Engine.StaticMeshActor Name:StaticMeshActor_UAID_2CFDA1BA360FC1B101_1334378112 Label:glassMug5 SpatiallyLoaded:1 Bounds:IsValid=true, Min=(X=229.353 Y=-1450.011 Z=123.530), Max=(X=259.353 Y=-1422.751 Z=139.461) RuntimeGrid:None EditorOnly:0 RuntimeOnly:0 HLODRelevant:1
 |   |   |- [+] [ 49]
 |   |   |   |- Guid:0561061F40EF53CE4384C1B93A15F131 BaseClass: NativeClass:/Script/Engine.StaticMeshActor Name:StaticMeshActor_UAID_2CFDA1BA360FC0B101_1162550903 Label:sm_Barstool_v1 SpatiallyLoaded:1 Bounds:IsValid=true, Min=(X=427.274 Y=-1023.389 Z=-0.166), Max=(X=478.382 Y=-960.196 Z=85.804) RuntimeGrid:None EditorOnly:0 RuntimeOnly:0 HLODRelevant:1
 |   |   |- [+] [ 50]
 |   |   |   |- Guid:1D3D26F04B6DC10BEFB5B69E5CF914C8 BaseClass: NativeClass:/Script/Engine.VolumetricCloud Name:VolumetricCloud_UAID_A85E45CFE40401D200_1470381760 Label:VolumetricCloud SpatiallyLoaded:0 Bounds:IsValid=true, Min=(X=0.000 Y=0.000 Z=0.000), Max=(X=0.000 Y=0.000 Z=0.000) RuntimeGrid:None EditorOnly:0 RuntimeOnly:0 HLODRelevant:0 FolderPath:Lighting FolderGuid:B7E9BD5B45A652654791988DEF54CCEB
 |   |   |- [+] [ 51]
 |   |   |   |- Guid:D198C03346EF2455A6E7B7AAC4949F7D BaseClass: NativeClass:/Script/Engine.StaticMeshActor Name:StaticMeshActor_UAID_2CFDA1BA360FC0B101_1253854908 Label:sm_Barstool_v6 SpatiallyLoaded:1 Bounds:IsValid=true, Min=(X=420.469 Y=-525.841 Z=-0.166), Max=(X=501.729 Y=-446.070 Z=85.804) RuntimeGrid:None EditorOnly:0 RuntimeOnly:0 HLODRelevant:1
 |   |   |- [+] [ 52]
 |   |   |   |- Guid:937FD40B47F54A72FD5D97BE0A926724 BaseClass:/Game/Blueprints/Battle/ObjectClasses/BP_Battle_Manager.BP_Battle_Manager_C NativeClass:/Script/Engine.Actor Name:BP_Battle_Manager_C_UAID_7C10C9426A2CD5B101_1241798559 Label:BP_Battle_Manager SpatiallyLoaded:1 Bounds:IsValid=true, Min=(X=607.893 Y=-819.821 Z=0.002), Max=(X=607.893 Y=-819.821 Z=0.002) RuntimeGrid:None EditorOnly:0 RuntimeOnly:0 HLODRelevant:0
 |   |   |- [+] [ 53]
 |   |   |   |- Guid:6CFBFED449CD499A296E9EBE729E4403 BaseClass: NativeClass:/Script/Engine.StaticMeshActor Name:StaticMeshActor_UAID_2CFDA1BA360FC3B101_1384133563 Label:md_Pool_Table_v1 SpatiallyLoaded:1 Bounds:IsValid=true, Min=(X=715.282 Y=-739.413 Z=2.706), Max=(X=1048.491 Y=-549.872 Z=86.510) RuntimeGrid:None EditorOnly:0 RuntimeOnly:0 HLODRelevant:1
 |   |   |- [+] [ 54]
 |   |   |   |- Guid:94B3409B49318A945F391692AFBE761D BaseClass: NativeClass:/Script/Engine.StaticMeshActor Name:StaticMeshActor_UAID_2CFDA1BA360FBFB101_1975429721 Label:sm_Ashtray_v1 SpatiallyLoaded:1 Bounds:IsValid=true, Min=(X=958.254 Y=-734.262 Z=85.312), Max=(X=969.529 Y=-722.987 Z=89.917) RuntimeGrid:None EditorOnly:0 RuntimeOnly:0 HLODRelevant:1
 |   |   |- [+] [ 55]
 |   |   |   |- Guid:609D08104496130BAE991DA7A537D38D BaseClass: NativeClass:/Script/Engine.StaticMeshActor Name:StaticMeshActor_UAID_2CFDA1BA360FC2B101_1981226384 Label:SM_SpeakEasy_Floor SpatiallyLoaded:1 Bounds:IsValid=true, Min=(X=-730.480 Y=-1815.384 Z=-104.544), Max=(X=2733.238 Y=105.465 Z=4.672) RuntimeGrid:None EditorOnly:0 RuntimeOnly:0 HLODRelevant:1
 |   |   |- [+] [ 56]
 |   |   |   |- Guid:E0950BF5441269516C08148C174B85FF BaseClass: NativeClass:/Script/Engine.StaticMeshActor Name:StaticMeshActor_UAID_2CFDA1BA360FC1B101_1383140113 Label:sm_VintageCashRegister_V1 SpatiallyLoaded:1 Bounds:IsValid=true, Min=(X=319.116 Y=-674.288 Z=114.534), Max=(X=361.637 Y=-624.758 Z=160.883) RuntimeGrid:None EditorOnly:0 RuntimeOnly:0 HLODRelevant:1
 |   |   |- [+] [ 57]
 |   |   |   |- Guid:2CE12F874AA39D020A0F4BA5739BD305 BaseClass: NativeClass:/Script/Engine.SkyAtmosphere Name:SkyAtmosphere_UAID_A85E45CFE40401D200_1470382762 Label:SkyAtmosphere SpatiallyLoaded:0 Bounds:IsValid=true, Min=(X=0.000 Y=0.000 Z=0.000), Max=(X=0.000 Y=0.000 Z=0.000) RuntimeGrid:None EditorOnly:0 RuntimeOnly:0 HLODRelevant:0 FolderPath:Lighting FolderGuid:B7E9BD5B45A652654791988DEF54CCEB
 |   |   |- [+] [ 58]
 |   |   |   |- Guid:1FF71493452BAB78CC122C90BFA23DD0 BaseClass: NativeClass:/Script/Engine.StaticMeshActor Name:StaticMeshActor_UAID_2CFDA1BA360FBEB101_2019117529 Label:sm_LoungeChair_v3 SpatiallyLoaded:1 Bounds:IsValid=true, Min=(X=1272.746 Y=-1497.305 Z=0.210), Max=(X=1414.375 Y=-1343.186 Z=120.681) RuntimeGrid:None EditorOnly:0 RuntimeOnly:0 HLODRelevant:1
 |   |   |- [+] [ 59]
 |   |   |   |- Guid:9FB62B1147A44A4FAFA35FB793891205 BaseClass: NativeClass:/Script/Engine.StaticMeshActor Name:StaticMeshActor_UAID_2CFDA1BA360FC1B101_1291736099 Label:sm_GlassBottle_v10 SpatiallyLoaded:1 Bounds:IsValid=true, Min=(X=155.768 Y=-843.054 Z=277.208), Max=(X=168.163 Y=-830.659 Z=322.519) RuntimeGrid:None EditorOnly:0 RuntimeOnly:0 HLODRelevant:1
 |   |   |- [+] [ 60]
 |   |   |   |- Guid:E1DF514D465DE859460CCCACC8F28340 BaseClass: NativeClass:/Script/Engine.StaticMeshActor Name:StaticMeshActor_UAID_74563C4F828115B101_1959440786 Label:Bar_SM_Lamp_Ceiling SpatiallyLoaded:1 Bounds:IsValid=true, Min=(X=841.316 Y=-682.938 Z=220.463), Max=(X=920.516 Y=-583.938 Z=420.759) RuntimeGrid:None EditorOnly:0 RuntimeOnly:0 HLODRelevant:1
 |   |   |- [+] [ 61]
 |   |   |   |- Guid:A0D535DC4C46A280FA2351B97644D112 BaseClass: NativeClass:/Script/Engine.StaticMeshActor Name:StaticMeshActor_UAID_2CFDA1BA360FC0B101_1657625910 Label:sm_Dart_v1 SpatiallyLoaded:1 Bounds:IsValid=true, Min=(X=79.003 Y=-1308.286 Z=230.942), Max=(X=110.942 Y=-1300.169 Z=239.058) RuntimeGrid:None EditorOnly:0 RuntimeOnly:0 HLODRelevant:1
 |   |   |- [+] [ 62]
 |   |   |   |- Guid:218E3B124735712D7EF272B4FB8E7FF6 BaseClass: NativeClass:/Script/Landscape.Landscape Name:Landscape_UAID_A85E45CFE404FBD100_1221515703 Label:Landscape SpatiallyLoaded:0 Bounds:IsValid=true, Min=(X=-100800.000 Y=-100800.000 Z=100.000), Max=(X=-100800.000 Y=-100800.000 Z=100.000) RuntimeGrid:None EditorOnly:0 RuntimeOnly:0 HLODRelevant:0
 |   |   |- [+] [ 63]
 |   |   |   |- Guid:7883E0A546DBA2649C50A38D41E4C585 BaseClass: NativeClass:/Script/Engine.StaticMeshActor Name:StaticMeshActor_UAID_2CFDA1BA360FC1B101_1327228110 Label:glassMug3 SpatiallyLoaded:1 Bounds:IsValid=true, Min=(X=147.729 Y=-1372.742 Z=123.530), Max=(X=177.717 Y=-1343.677 Z=139.461) RuntimeGrid:None EditorOnly:0 RuntimeOnly:0 HLODRelevant:1
 |   |   |- [+] [ 64]
 |   |   |   |- Guid:ED5B5F7B466F7D6008FBB0A9BF19C65F BaseClass: NativeClass:/Script/Engine.StaticMeshActor Name:StaticMeshActor_UAID_2CFDA1BA360FBFB101_1323165719 Label:glassMug2 SpatiallyLoaded:1 Bounds:IsValid=true, Min=(X=392.025 Y=-1003.108 Z=116.327), Max=(X=422.014 Y=-974.042 Z=132.258) RuntimeGrid:None EditorOnly:0 RuntimeOnly:0 HLODRelevant:1
 |   |   |- [+] [ 65]
 |   |   |   |- Guid:C925F78046F7331BA8E79C930609D716 BaseClass: NativeClass:/Script/Engine.StaticMeshActor Name:StaticMeshActor_UAID_2CFDA1BA360FC1B101_1322191109 Label:sm_GlassBottle_v14 SpatiallyLoaded:1 Bounds:IsValid=true, Min=(X=147.746 Y=-1332.234 Z=123.410), Max=(X=160.141 Y=-1319.839 Z=168.721) RuntimeGrid:None EditorOnly:0 RuntimeOnly:0 HLODRelevant:1
 |   |   |- [+] [ 66]
 |   |   |   |- Guid:CEE6DEC2401D4AF497CC489456D84106 BaseClass: NativeClass:/Script/Engine.StaticMeshActor Name:StaticMeshActor_UAID_2CFDA1BA360FC3B101_1111789562 Label:SM_Speakeasy_Wall_1 SpatiallyLoaded:1 Bounds:IsValid=true, Min=(X=-5.000 Y=-1620.000 Z=0.000), Max=(X=1815.000 Y=-330.000 Z=690.000) RuntimeGrid:None EditorOnly:0 RuntimeOnly:0 HLODRelevant:1
 |   |   |- [+] [ 67]
 |   |   |   |- Guid:B6E69D4D44B8608BD70F4997FCEF80A4 BaseClass:/Game/Blueprints/Battle/Spawnpoints/BP_Enemy_Spawn_Location.BP_Enemy_Spawn_Location_C NativeClass:/Script/Engine.Actor Name:BP_Enemy_Spawn_Location_C_UAID_7C10C9426A2CD6B101_1254837736 Label:BP_Enemy_Spawn_Location SpatiallyLoaded:1 Bounds:IsValid=true, Min=(X=1023.057 Y=-1090.580 Z=0.006), Max=(X=1023.057 Y=-1090.580 Z=0.006) RuntimeGrid:None EditorOnly:0 RuntimeOnly:0 HLODRelevant:0
 |   |   |- [+] [ 68]
 |   |   |   |- Guid:DCB8B3F54401B4C36A3877A5B5A4DE8F BaseClass: NativeClass:/Script/Engine.StaticMeshActor Name:StaticMeshActor_UAID_2CFDA1BA360FBEB101_2084004534 Label:Couch SpatiallyLoaded:1 Bounds:IsValid=true, Min=(X=637.394 Y=-1520.148 Z=17.281), Max=(X=922.606 Y=-1400.345 Z=140.775) RuntimeGrid:None EditorOnly:0 RuntimeOnly:0 HLODRelevant:1
 |   |   |- [+] [ 69]
 |   |   |   |- Guid:1E4B6EE74577C0A0E42B0E86767A6EA5 BaseClass: NativeClass:/Script/Engine.StaticMeshActor Name:StaticMeshActor_UAID_2CFDA1BA360FC1B101_1286311094 Label:sm_GlassBottle_v5 SpatiallyLoaded:1 Bounds:IsValid=true, Min=(X=155.768 Y=-923.386 Z=277.208), Max=(X=168.163 Y=-910.991 Z=322.519) RuntimeGrid:None EditorOnly:0 RuntimeOnly:0 HLODRelevant:1
 |   |   |- [+] [ 70]
 |   |   |   |- Guid:5C14EBDA4DA0E3F4D79E70BB8ECAE150 BaseClass: NativeClass:/Script/Engine.StaticMeshActor Name:StaticMeshActor_UAID_2CFDA1BA360FBDB101_2076149344 Label:sm_counter_low_v2 SpatiallyLoaded:1 Bounds:IsValid=true, Min=(X=308.983 Y=-1077.357 Z=-10.000), Max=(X=426.362 Y=-402.643 Z=116.437) RuntimeGrid:None EditorOnly:0 RuntimeOnly:0 HLODRelevant:1
 |   |   |- [+] [ 71]
 |   |   |   |- Guid:D813B13441B544E1270E1299E0DA06BD BaseClass: NativeClass:/Script/Engine.StaticMeshActor Name:StaticMeshActor_UAID_2CFDA1BA360FBFB101_1279920714 Label:glassMartini SpatiallyLoaded:1 Bounds:IsValid=true, Min=(X=324.164 Y=-714.980 Z=116.646), Max=(X=340.062 Y=-699.083 Z=142.085) RuntimeGrid:None EditorOnly:0 RuntimeOnly:0 HLODRelevant:1
 |   |   |- [+] [ 72]
 |   |   |   |- Guid:AAAC6B5742760A58C2206DB37E44683C BaseClass: NativeClass:/Script/Engine.DirectionalLight Name:DirectionalLight_UAID_A85E45CFE40401D200_1470382761 Label:DirectionalLight SpatiallyLoaded:0 Bounds:IsValid=true, Min=(X=-4398046511104.000 Y=-4398046511104.000 Z=-4398046511104.000), Max=(X=4398046511104.000 Y=4398046511104.000 Z=4398046511104.000) RuntimeGrid:None EditorOnly:0 RuntimeOnly:0 HLODRelevant:0 FolderPath:Lighting FolderGuid:B7E9BD5B45A652654791988DEF54CCEB
 |   |   |- [+] [ 73]
 |   |   |   |- Guid:0E26C7724DBD6DF910BDAEA4CB3E488D BaseClass:/Game/Blueprints/Battle/BossMoves/BP_Enemy_Battle.BP_Enemy_Battle_C NativeClass:/Script/Engine.Pawn Name:BP_Enemy_Battle_C_UAID_7C10C9426A2CD6B101_1851810737 Label:BP_Enemy_Battle SpatiallyLoaded:1 Bounds:IsValid=true, Min=(X=957.558 Y=-1333.849 Z=-79.996), Max=(X=1226.729 Y=-1046.765 Z=80.004) RuntimeGrid:None EditorOnly:0 RuntimeOnly:0 HLODRelevant:0
 |   |   |- [+] [ 74]
 |   |   |   |- Guid:3BE2843D41F94EC31BB3EF929FEFDB80 BaseClass: NativeClass:/Script/Engine.StaticMeshActor Name:StaticMeshActor_UAID_2CFDA1BA360FBEB101_2022108530 Label:sm_LoungeChair_v4 SpatiallyLoaded:1 Bounds:IsValid=true, Min=(X=1504.072 Y=-1494.227 Z=0.210), Max=(X=1654.477 Y=-1339.616 Z=120.681) RuntimeGrid:None EditorOnly:0 RuntimeOnly:0 HLODRelevant:1
 |   |   |- [+] [ 75]
 |   |   |   |- Guid:C4F09C804FE6F3F22A3C3295D4E30659 BaseClass: NativeClass:/Script/Engine.StaticMeshActor Name:StaticMeshActor_UAID_2CFDA1BA360FC1B101_1297579101 Label:glassWine5 SpatiallyLoaded:1 Bounds:IsValid=true, Min=(X=157.378 Y=-801.701 Z=277.764), Max=(X=172.487 Y=-786.591 Z=308.761) RuntimeGrid:None EditorOnly:0 RuntimeOnly:0 HLODRelevant:1
 |   |   |- [+] [ 76]
 |   |   |   |- Guid:725359484C3A3BD8CC6276A8E650F30A BaseClass: NativeClass:/Script/Engine.StaticMeshActor Name:StaticMeshActor_UAID_2CFDA1BA360FC1B101_1284009093 Label:sm_GlassBottle_v4 SpatiallyLoaded:1 Bounds:IsValid=true, Min=(X=155.768 Y=-939.894 Z=277.208), Max=(X=168.163 Y=-927.499 Z=322.519) RuntimeGrid:None EditorOnly:0 RuntimeOnly:0 HLODRelevant:1
 |   |   |- [+] [ 77]
 |   |   |   |- Guid:5C1BD98545F989C365C3698EB1BF6840 BaseClass: NativeClass:/Script/Engine.StaticMeshActor Name:StaticMeshActor_UAID_2CFDA1BA360FC0B101_1648317909 Label:sm_DartBoard_v1 SpatiallyLoaded:1 Bounds:IsValid=true, Min=(X=72.104 Y=-1399.319 Z=190.681), Max=(X=78.403 Y=-1280.681 Z=309.319) RuntimeGrid:None EditorOnly:0 RuntimeOnly:0 HLODRelevant:1
 |   |   |- [+] [ 78]
 |   |   |   |- Guid:7EBE5AC647AB9E7A88C0BFA614DFEBF7 BaseClass: NativeClass:/Script/Engine.PlayerStart Name:PlayerStart_UAID_7C10C9426A2CD1B101_1783341856 Label:PlayerStart SpatiallyLoaded:0 Bounds:IsValid=true, Min=(X=1583.826 Y=-905.627 Z=4.301), Max=(X=1663.826 Y=-825.627 Z=188.301) RuntimeGrid:None EditorOnly:0 RuntimeOnly:0 HLODRelevant:0
 |   |   |- [+] [ 79]
 |   |   |   |- Guid:989D1D1A4E608BB7A9CE4BAF332A5EC9 BaseClass: NativeClass:/Script/Engine.StaticMeshActor Name:StaticMeshActor_UAID_2CFDA1BA360FC1B101_1307493104 Label:glassWine8 SpatiallyLoaded:1 Bounds:IsValid=true, Min=(X=157.378 Y=-741.927 Z=277.764), Max=(X=172.487 Y=-726.817 Z=308.761) RuntimeGrid:None EditorOnly:0 RuntimeOnly:0 HLODRelevant:1
 |   |   |- [+] [ 80]
 |   |   |   |- Guid:03920DF94EEFC9F86CC66185D32A3DA1 BaseClass: NativeClass:/Script/Engine.StaticMeshActor Name:StaticMeshActor_UAID_A4AE111137DC54FB00_1240666663 Label:SM_SkySphere SpatiallyLoaded:0 Bounds:IsValid=true, Min=(X=-2592064.653 Y=-2480951.902 Z=-2029570.743), Max=(X=2598356.109 Y=2478922.100 Z=2031317.672) RuntimeGrid:None EditorOnly:0 RuntimeOnly:0 HLODRelevant:0 FolderPath:Lighting FolderGuid:B7E9BD5B45A652654791988DEF54CCEB
 |   |   |- [+] [ 81]
 |   |   |   |- Guid:183B52E2457F259C85D6C3A3FECD4F33 BaseClass: NativeClass:/Script/Engine.StaticMeshActor Name:StaticMeshActor_UAID_2CFDA1BA360FC1B101_1332534111 Label:glassMug4 SpatiallyLoaded:1 Bounds:IsValid=true, Min=(X=153.940 Y=-1451.888 Z=123.530), Max=(X=178.566 Y=-1422.788 Z=139.461) RuntimeGrid:None EditorOnly:0 RuntimeOnly:0 HLODRelevant:1
 |   |   |- [+] [ 82]
 |   |   |   |- Guid:39BA6CDC4A605E8A853B52A92C044C49 BaseClass: NativeClass:/Script/Engine.StaticMeshActor Name:StaticMeshActor_UAID_2CFDA1BA360FBFB101_1279976716 Label:glassWine SpatiallyLoaded:1 Bounds:IsValid=true, Min=(X=400.873 Y=-685.412 Z=116.308), Max=(X=415.982 Y=-670.302 Z=147.306) RuntimeGrid:None EditorOnly:0 RuntimeOnly:0 HLODRelevant:1
 |   |   |- [+] [ 83]
 |   |   |   |- Guid:E780FC4D4A8CF38B0F49A5A4E28AF44C BaseClass: NativeClass:/Script/Engine.StaticMeshActor Name:StaticMeshActor_UAID_2CFDA1BA360FBFB101_2024817723 Label:sm_Ashtray_v2 SpatiallyLoaded:1 Bounds:IsValid=true, Min=(X=403.974 Y=-819.969 Z=119.463), Max=(X=415.249 Y=-808.694 Z=124.068) RuntimeGrid:None EditorOnly:0 RuntimeOnly:0 HLODRelevant:1
 |   |   |- [+] [ 84]
 |   |   |   |- Guid:CB3E1B1148727F125AEE15848E783542 BaseClass: NativeClass:/Script/Engine.StaticMeshActor Name:StaticMeshActor_UAID_2CFDA1BA360FC0B101_1249155905 Label:sm_Barstool_v3 SpatiallyLoaded:1 Bounds:IsValid=true, Min=(X=437.312 Y=-817.464 Z=-0.166), Max=(X=506.951 Y=-740.601 Z=85.804) RuntimeGrid:None EditorOnly:0 RuntimeOnly:0 HLODRelevant:1
 |   |   |- [+] [ 85]
 |   |   |   |- Guid:5C453FF946075F5079F6F39307792512 BaseClass: NativeClass:/Script/Engine.StaticMeshActor Name:StaticMeshActor_UAID_2CFDA1BA360FC1B101_1286313095 Label:sm_GlassBottle_v6 SpatiallyLoaded:1 Bounds:IsValid=true, Min=(X=155.768 Y=-908.386 Z=277.208), Max=(X=168.163 Y=-895.991 Z=322.519) RuntimeGrid:None EditorOnly:0 RuntimeOnly:0 HLODRelevant:1
 |   |   |- [+] [ 86]
 |   |   |   |- Guid:8CBA4CC14ADE2EF36989708726D5233C BaseClass: NativeClass:/Script/Engine.StaticMeshActor Name:StaticMeshActor_UAID_2CFDA1BA360FC0B101_1689181913 Label:sm_Dart_v4 SpatiallyLoaded:1 Bounds:IsValid=true, Min=(X=79.003 Y=-1343.286 Z=245.942), Max=(X=110.942 Y=-1335.169 Z=254.058) RuntimeGrid:None EditorOnly:0 RuntimeOnly:0 HLODRelevant:1
 |   |   |- [+] [ 87]
 |   |   |   |- Guid:2B53BAEC449B662AC75E0C88277089C8 BaseClass: NativeClass:/Script/Engine.StaticMeshActor Name:StaticMeshActor_UAID_2CFDA1BA360FBEB101_1557991521 Label:Barrel SpatiallyLoaded:1 Bounds:IsValid=true, Min=(X=109.150 Y=-1527.153 Z=-1.799), Max=(X=223.474 Y=-1412.828 Z=126.160) RuntimeGrid:None EditorOnly:0 RuntimeOnly:0 HLODRelevant:1
 |- ContainerInstances:
 |- [+] MainContainer:
 |   |-        ID: 0x0000000000000000
 |   |-    Bounds: IsValid=false, Min=(X=0.000 Y=0.000 Z=0.000), Max=(X=0.000 Y=0.000 Z=0.000)
 |   |- Transform: 0.000000,0.000000,0.000000|0.000000,0.000000,-0.000000|1.000000,1.000000,1.000000
 |   |- Container: /Game/Levels/LVL_SpeakeasyWhitebox
----------------------------------------------------------------------------------------------------------------
LVL_SpeakeasyWhitebox - Persistent Level
----------------------------------------------------------------------------------------------------------------
Always loaded Actor Count: 95 

----------------------------------------------------------------------------------------------------------------
LVL_SpeakeasyWhitebox - Runtime Spatial Hash - Streaming Grid - MainGrid
----------------------------------------------------------------------------------------------------------------
            Origin: X=0.000 Y=0.000 Z=0.000
         Cell Size: 25600
      World Bounds: IsValid=false, Min=(X=0.000 Y=0.000 Z=0.000), Max=(X=0.000 Y=0.000 Z=0.000)
     Loading Range: 76800.00
Block Slow Loading: No
 ClientOnlyVisible: No

[+] Grid Levels: 1
 |- Level  0: Cell Count    0 | Cell Size   25600 | Actor Count    0 (0.0%)

[+] Content of Grid Level 0

